<?xml version="1.0" encoding="utf-8"?>
<outputLog>
  <ApplicationId>36a773ae-06d3-4b89-8b7a-64f8d1abf3c8</ApplicationId>
  <FileLogs>
    <FileLog>
      <CorrelationId>Intent.VisualStudio.Projects.VisualStudio2015Solution#d5d5e99c-fabe-4ccf-8be6-95c93aec1e94</CorrelationId>
      <OverwriteBehaviour>always</OverwriteBehaviour>
      <ApplicationRelativeFilePath>../Intent.Modules.NodeJS.sln</ApplicationRelativeFilePath>
      <IsIgnored>false</IsIgnored>
    </FileLog>
    <FileLog>
      <ProjectId>bdb62872-0ea1-4c15-829b-2d123847d35b</ProjectId>
      <CorrelationId>Intent.VisualStudio.Projects.CoreLibrary.CSProject#bdb62872-0ea1-4c15-829b-2d123847d35b</CorrelationId>
      <OverwriteBehaviour>always</OverwriteBehaviour>
      <ApplicationRelativeFilePath>Intent.Modules.NodeJS.AWS.Lambda.csproj</ApplicationRelativeFilePath>
      <ProjectRelativeFilePath>Intent.Modules.NodeJS.AWS.Lambda.csproj</ProjectRelativeFilePath>
      <IsIgnored>false</IsIgnored>
    </FileLog>
    <FileLog>
      <ProjectId>bdb62872-0ea1-4c15-829b-2d123847d35b</ProjectId>
      <CorrelationId>Intent.ModuleBuilder.IModSpecFile</CorrelationId>
      <OverwriteBehaviour>always</OverwriteBehaviour>
      <ApplicationRelativeFilePath>Intent.NodeJS.AWS.Lambda.imodspec</ApplicationRelativeFilePath>
      <ProjectRelativeFilePath>Intent.NodeJS.AWS.Lambda.imodspec</ProjectRelativeFilePath>
      <IsIgnored>false</IsIgnored>
    </FileLog>
    <FileLog>
      <ProjectId>bdb62872-0ea1-4c15-829b-2d123847d35b</ProjectId>
      <CorrelationId>Intent.ModuleBuilder.ReadMe</CorrelationId>
      <OverwriteBehaviour>always</OverwriteBehaviour>
      <ApplicationRelativeFilePath>README.txt</ApplicationRelativeFilePath>
      <ProjectRelativeFilePath>README.txt</ProjectRelativeFilePath>
      <IsIgnored>false</IsIgnored>
    </FileLog>
    <FileLog>
      <ProjectId>53954a51-7969-4590-9b30-cf156fe812c4</ProjectId>
      <CorrelationId>Intent.ModuleBuilder.Templates.TemplateDecoratorContract#03e5c12f-0eb0-4953-a4f2-1f160308fd4d</CorrelationId>
      <OverwriteBehaviour>always</OverwriteBehaviour>
      <ApplicationRelativeFilePath>Templates/Controller/ControllerDecoratorBase.cs</ApplicationRelativeFilePath>
      <ProjectRelativeFilePath>Controller/ControllerDecoratorBase.cs</ProjectRelativeFilePath>
      <IsIgnored>false</IsIgnored>
    </FileLog>
    <FileLog>
      <ProjectId>53954a51-7969-4590-9b30-cf156fe812c4</ProjectId>
      <CorrelationId>Intent.ModuleBuilder.TypeScript.Templates.TypescriptTemplateStringInterpolation#b7dee4a8-5b23-4845-b32e-f0753b45eb59</CorrelationId>
      <OverwriteBehaviour>always</OverwriteBehaviour>
      <ApplicationRelativeFilePath>Templates/Controller/ControllerTemplate.cs</ApplicationRelativeFilePath>
      <ProjectRelativeFilePath>Controller/ControllerTemplate.cs</ProjectRelativeFilePath>
      <IsIgnored>false</IsIgnored>
    </FileLog>
    <FileLog>
      <ProjectId>53954a51-7969-4590-9b30-cf156fe812c4</ProjectId>
      <CorrelationId>Intent.ModuleBuilder.TypeScript.Templates.TypescriptTemplatePartial#b7dee4a8-5b23-4845-b32e-f0753b45eb59</CorrelationId>
      <OverwriteBehaviour>always</OverwriteBehaviour>
      <ApplicationRelativeFilePath>Templates/Controller/ControllerTemplatePartial.cs</ApplicationRelativeFilePath>
      <ProjectRelativeFilePath>Controller/ControllerTemplatePartial.cs</ProjectRelativeFilePath>
      <IsIgnored>false</IsIgnored>
    </FileLog>
    <FileLog>
      <ProjectId>53954a51-7969-4590-9b30-cf156fe812c4</ProjectId>
      <CorrelationId>Intent.ModuleBuilder.TemplateRegistration.FilePerModel#b7dee4a8-5b23-4845-b32e-f0753b45eb59</CorrelationId>
      <OverwriteBehaviour>always</OverwriteBehaviour>
      <ApplicationRelativeFilePath>Templates/Controller/ControllerTemplateRegistration.cs</ApplicationRelativeFilePath>
      <ProjectRelativeFilePath>Controller/ControllerTemplateRegistration.cs</ProjectRelativeFilePath>
      <IsIgnored>false</IsIgnored>
    </FileLog>
    <FileLog>
      <ProjectId>53954a51-7969-4590-9b30-cf156fe812c4</ProjectId>
      <CorrelationId>Intent.ModuleBuilder.TypeScript.Templates.TypescriptTemplateStringInterpolation#267097b7-6850-475c-9003-35211ad69ba7</CorrelationId>
      <OverwriteBehaviour>always</OverwriteBehaviour>
      <ApplicationRelativeFilePath>Templates/Dto/DtoTemplate.cs</ApplicationRelativeFilePath>
      <ProjectRelativeFilePath>Dto/DtoTemplate.cs</ProjectRelativeFilePath>
      <IsIgnored>false</IsIgnored>
    </FileLog>
    <FileLog>
      <ProjectId>53954a51-7969-4590-9b30-cf156fe812c4</ProjectId>
      <CorrelationId>Intent.ModuleBuilder.TypeScript.Templates.TypescriptTemplatePartial#267097b7-6850-475c-9003-35211ad69ba7</CorrelationId>
      <OverwriteBehaviour>always</OverwriteBehaviour>
      <ApplicationRelativeFilePath>Templates/Dto/DtoTemplatePartial.cs</ApplicationRelativeFilePath>
      <ProjectRelativeFilePath>Dto/DtoTemplatePartial.cs</ProjectRelativeFilePath>
      <IsIgnored>false</IsIgnored>
    </FileLog>
    <FileLog>
      <ProjectId>53954a51-7969-4590-9b30-cf156fe812c4</ProjectId>
      <CorrelationId>Intent.ModuleBuilder.TemplateRegistration.FilePerModel#267097b7-6850-475c-9003-35211ad69ba7</CorrelationId>
      <OverwriteBehaviour>always</OverwriteBehaviour>
      <ApplicationRelativeFilePath>Templates/Dto/DtoTemplateRegistration.cs</ApplicationRelativeFilePath>
      <ProjectRelativeFilePath>Dto/DtoTemplateRegistration.cs</ProjectRelativeFilePath>
      <IsIgnored>false</IsIgnored>
    </FileLog>
    <FileLog>
      <ProjectId>53954a51-7969-4590-9b30-cf156fe812c4</ProjectId>
      <CorrelationId>Intent.ModuleBuilder.Templates.TemplateDecoratorContract#09b0eea8-0595-4693-a4a9-8a267409aa5c</CorrelationId>
      <OverwriteBehaviour>always</OverwriteBehaviour>
      <ApplicationRelativeFilePath>Templates/Dto/PayloadDecoratorBase.cs</ApplicationRelativeFilePath>
      <ProjectRelativeFilePath>Dto/PayloadDecoratorBase.cs</ProjectRelativeFilePath>
      <IsIgnored>false</IsIgnored>
    </FileLog>
    <FileLog>
      <ProjectId>53954a51-7969-4590-9b30-cf156fe812c4</ProjectId>
      <CorrelationId>Intent.ModuleBuilder.Templates.TemplateDecoratorContract#692bd843-0863-477a-aa23-0dc8e5c2ad36</CorrelationId>
      <OverwriteBehaviour>always</OverwriteBehaviour>
      <ApplicationRelativeFilePath>Templates/Handler/HandlerDecoratorBase.cs</ApplicationRelativeFilePath>
      <ProjectRelativeFilePath>Handler/HandlerDecoratorBase.cs</ProjectRelativeFilePath>
      <IsIgnored>false</IsIgnored>
    </FileLog>
    <FileLog>
      <ProjectId>53954a51-7969-4590-9b30-cf156fe812c4</ProjectId>
      <CorrelationId>Intent.ModuleBuilder.TypeScript.Templates.TypescriptTemplateStringInterpolation#543a77b6-61ef-4ef3-937d-c502f2043eea</CorrelationId>
      <OverwriteBehaviour>always</OverwriteBehaviour>
      <ApplicationRelativeFilePath>Templates/Handler/HandlerTemplate.cs</ApplicationRelativeFilePath>
      <ProjectRelativeFilePath>Handler/HandlerTemplate.cs</ProjectRelativeFilePath>
      <IsIgnored>false</IsIgnored>
    </FileLog>
    <FileLog>
      <ProjectId>53954a51-7969-4590-9b30-cf156fe812c4</ProjectId>
      <CorrelationId>Intent.ModuleBuilder.TypeScript.Templates.TypescriptTemplatePartial#543a77b6-61ef-4ef3-937d-c502f2043eea</CorrelationId>
      <OverwriteBehaviour>always</OverwriteBehaviour>
      <ApplicationRelativeFilePath>Templates/Handler/HandlerTemplatePartial.cs</ApplicationRelativeFilePath>
      <ProjectRelativeFilePath>Handler/HandlerTemplatePartial.cs</ProjectRelativeFilePath>
      <IsIgnored>false</IsIgnored>
    </FileLog>
    <FileLog>
      <ProjectId>53954a51-7969-4590-9b30-cf156fe812c4</ProjectId>
      <CorrelationId>Intent.ModuleBuilder.TemplateRegistration.FilePerModel#543a77b6-61ef-4ef3-937d-c502f2043eea</CorrelationId>
      <OverwriteBehaviour>always</OverwriteBehaviour>
      <ApplicationRelativeFilePath>Templates/Handler/HandlerTemplateRegistration.cs</ApplicationRelativeFilePath>
      <ProjectRelativeFilePath>Handler/HandlerTemplateRegistration.cs</ProjectRelativeFilePath>
      <IsIgnored>false</IsIgnored>
    </FileLog>
    <FileLog>
      <ProjectId>53954a51-7969-4590-9b30-cf156fe812c4</ProjectId>
      <CorrelationId>Intent.ModuleBuilder.Templates.TemplateDecoratorContract#16893050-95dd-4515-b084-3013adf0cb02</CorrelationId>
      <OverwriteBehaviour>always</OverwriteBehaviour>
      <ApplicationRelativeFilePath>Templates/Middyfy/MiddyfyDecoratorBase.cs</ApplicationRelativeFilePath>
      <ProjectRelativeFilePath>Middyfy/MiddyfyDecoratorBase.cs</ProjectRelativeFilePath>
      <IsIgnored>false</IsIgnored>
    </FileLog>
    <FileLog>
      <ProjectId>53954a51-7969-4590-9b30-cf156fe812c4</ProjectId>
      <CorrelationId>Intent.ModuleBuilder.TypeScript.Templates.TypescriptTemplateStringInterpolation#4d342baf-78f0-4708-9b4a-d5405323b506</CorrelationId>
      <OverwriteBehaviour>always</OverwriteBehaviour>
      <ApplicationRelativeFilePath>Templates/Middyfy/MiddyfyTemplate.cs</ApplicationRelativeFilePath>
      <ProjectRelativeFilePath>Middyfy/MiddyfyTemplate.cs</ProjectRelativeFilePath>
      <IsIgnored>false</IsIgnored>
    </FileLog>
    <FileLog>
      <ProjectId>53954a51-7969-4590-9b30-cf156fe812c4</ProjectId>
      <CorrelationId>Intent.ModuleBuilder.TypeScript.Templates.TypescriptTemplatePartial#4d342baf-78f0-4708-9b4a-d5405323b506</CorrelationId>
      <OverwriteBehaviour>always</OverwriteBehaviour>
      <ApplicationRelativeFilePath>Templates/Middyfy/MiddyfyTemplatePartial.cs</ApplicationRelativeFilePath>
      <ProjectRelativeFilePath>Middyfy/MiddyfyTemplatePartial.cs</ProjectRelativeFilePath>
      <IsIgnored>false</IsIgnored>
    </FileLog>
    <FileLog>
      <ProjectId>53954a51-7969-4590-9b30-cf156fe812c4</ProjectId>
      <CorrelationId>Intent.ModuleBuilder.TemplateRegistration.SingleFileNoModel#4d342baf-78f0-4708-9b4a-d5405323b506</CorrelationId>
      <OverwriteBehaviour>always</OverwriteBehaviour>
      <ApplicationRelativeFilePath>Templates/Middyfy/MiddyfyTemplateRegistration.cs</ApplicationRelativeFilePath>
      <ProjectRelativeFilePath>Middyfy/MiddyfyTemplateRegistration.cs</ProjectRelativeFilePath>
      <IsIgnored>false</IsIgnored>
    </FileLog>
    <FileLog>
      <ProjectId>53954a51-7969-4590-9b30-cf156fe812c4</ProjectId>
      <CorrelationId>Intent.ModuleBuilder.TypeScript.Templates.TypescriptTemplateStringInterpolation#e0e36078-8f61-4d65-8763-b20fb9c8f4be</CorrelationId>
      <OverwriteBehaviour>always</OverwriteBehaviour>
      <ApplicationRelativeFilePath>Templates/Schema/SchemaTemplate.cs</ApplicationRelativeFilePath>
      <ProjectRelativeFilePath>Schema/SchemaTemplate.cs</ProjectRelativeFilePath>
      <IsIgnored>false</IsIgnored>
    </FileLog>
    <FileLog>
      <ProjectId>53954a51-7969-4590-9b30-cf156fe812c4</ProjectId>
      <CorrelationId>Intent.ModuleBuilder.TypeScript.Templates.TypescriptTemplatePartial#e0e36078-8f61-4d65-8763-b20fb9c8f4be</CorrelationId>
      <OverwriteBehaviour>always</OverwriteBehaviour>
      <ApplicationRelativeFilePath>Templates/Schema/SchemaTemplatePartial.cs</ApplicationRelativeFilePath>
      <ProjectRelativeFilePath>Schema/SchemaTemplatePartial.cs</ProjectRelativeFilePath>
      <IsIgnored>false</IsIgnored>
    </FileLog>
    <FileLog>
      <ProjectId>53954a51-7969-4590-9b30-cf156fe812c4</ProjectId>
      <CorrelationId>Intent.ModuleBuilder.TemplateRegistration.FilePerModel#e0e36078-8f61-4d65-8763-b20fb9c8f4be</CorrelationId>
      <OverwriteBehaviour>always</OverwriteBehaviour>
      <ApplicationRelativeFilePath>Templates/Schema/SchemaTemplateRegistration.cs</ApplicationRelativeFilePath>
      <ProjectRelativeFilePath>Schema/SchemaTemplateRegistration.cs</ProjectRelativeFilePath>
      <IsIgnored>false</IsIgnored>
    </FileLog>
    <FileLog>
      <ProjectId>53954a51-7969-4590-9b30-cf156fe812c4</ProjectId>
      <CorrelationId>Intent.ModuleBuilder.Templates.TemplateExtensions</CorrelationId>
      <OverwriteBehaviour>always</OverwriteBehaviour>
      <ApplicationRelativeFilePath>Templates/TemplateExtensions.cs</ApplicationRelativeFilePath>
      <ProjectRelativeFilePath>TemplateExtensions.cs</ProjectRelativeFilePath>
      <IsIgnored>false</IsIgnored>
    </FileLog>
  </FileLogs>
</outputLog>