<?xml version="1.0" encoding="utf-8"?>
<outputLog>
  <ApplicationId>0ac6173c-974c-4e84-96c5-e91083a67f7e</ApplicationId>
  <FileLogs>
    <FileLog>
      <CorrelationId>Intent.VisualStudio.Projects.VisualStudio2015Solution#efbb23dc-438c-44f7-bab5-9be2c4d5d68d</CorrelationId>
      <OverwriteBehaviour>always</OverwriteBehaviour>
      <ApplicationRelativeFilePath>../Intent.Modules.NodeJS.sln</ApplicationRelativeFilePath>
      <IsIgnored>false</IsIgnored>
    </FileLog>
    <FileLog>
      <ProjectId>6e2be566-fcc7-4713-ba76-5d53dd0aa258</ProjectId>
      <CorrelationId>Intent.VisualStudio.Projects.CoreLibrary.CSProject#6e2be566-fcc7-4713-ba76-5d53dd0aa258</CorrelationId>
      <OverwriteBehaviour>always</OverwriteBehaviour>
      <ApplicationRelativeFilePath>Intent.Modules.NodeJS.AWS.CDK.csproj</ApplicationRelativeFilePath>
      <ProjectRelativeFilePath>Intent.Modules.NodeJS.AWS.CDK.csproj</ProjectRelativeFilePath>
      <IsIgnored>false</IsIgnored>
    </FileLog>
    <FileLog>
      <ProjectId>6e2be566-fcc7-4713-ba76-5d53dd0aa258</ProjectId>
      <CorrelationId>Intent.ModuleBuilder.IModSpecFile</CorrelationId>
      <OverwriteBehaviour>always</OverwriteBehaviour>
      <ApplicationRelativeFilePath>Intent.NodeJS.AWS.CDK.imodspec</ApplicationRelativeFilePath>
      <ProjectRelativeFilePath>Intent.NodeJS.AWS.CDK.imodspec</ProjectRelativeFilePath>
      <IsIgnored>false</IsIgnored>
    </FileLog>
    <FileLog>
      <ProjectId>6e2be566-fcc7-4713-ba76-5d53dd0aa258</ProjectId>
      <CorrelationId>Intent.ModuleBuilder.ReadMe</CorrelationId>
      <OverwriteBehaviour>always</OverwriteBehaviour>
      <ApplicationRelativeFilePath>README.txt</ApplicationRelativeFilePath>
      <ProjectRelativeFilePath>README.txt</ProjectRelativeFilePath>
      <IsIgnored>false</IsIgnored>
    </FileLog>
    <FileLog>
      <ProjectId>477bb461-710e-4400-aa09-ff52c67e8b78</ProjectId>
      <CorrelationId>Intent.ModuleBuilder.TypeScript.Templates.TypescriptTemplateStringInterpolation#aed41ce0-f855-4834-a616-1c4e8dd9c7bb</CorrelationId>
      <OverwriteBehaviour>always</OverwriteBehaviour>
      <ApplicationRelativeFilePath>Templates/ApplicationStack/ApplicationStackTemplate.cs</ApplicationRelativeFilePath>
      <ProjectRelativeFilePath>ApplicationStack/ApplicationStackTemplate.cs</ProjectRelativeFilePath>
      <IsIgnored>false</IsIgnored>
    </FileLog>
    <FileLog>
      <ProjectId>477bb461-710e-4400-aa09-ff52c67e8b78</ProjectId>
      <CorrelationId>Intent.ModuleBuilder.TypeScript.Templates.TypescriptTemplatePartial#aed41ce0-f855-4834-a616-1c4e8dd9c7bb</CorrelationId>
      <OverwriteBehaviour>always</OverwriteBehaviour>
      <ApplicationRelativeFilePath>Templates/ApplicationStack/ApplicationStackTemplatePartial.cs</ApplicationRelativeFilePath>
      <ProjectRelativeFilePath>ApplicationStack/ApplicationStackTemplatePartial.cs</ProjectRelativeFilePath>
      <IsIgnored>false</IsIgnored>
    </FileLog>
    <FileLog>
      <ProjectId>477bb461-710e-4400-aa09-ff52c67e8b78</ProjectId>
      <CorrelationId>Intent.ModuleBuilder.TemplateRegistration.SingleFileNoModel#aed41ce0-f855-4834-a616-1c4e8dd9c7bb</CorrelationId>
      <OverwriteBehaviour>always</OverwriteBehaviour>
      <ApplicationRelativeFilePath>Templates/ApplicationStack/ApplicationStackTemplateRegistration.cs</ApplicationRelativeFilePath>
      <ProjectRelativeFilePath>ApplicationStack/ApplicationStackTemplateRegistration.cs</ProjectRelativeFilePath>
      <IsIgnored>false</IsIgnored>
    </FileLog>
    <FileLog>
      <ProjectId>477bb461-710e-4400-aa09-ff52c67e8b78</ProjectId>
      <CorrelationId>Intent.ModuleBuilder.TypeScript.Templates.TypescriptTemplateStringInterpolation#e5b29fda-9e0a-4b1e-b798-de1077f179e9</CorrelationId>
      <OverwriteBehaviour>always</OverwriteBehaviour>
      <ApplicationRelativeFilePath>Templates/ApplicationStackProps/ApplicationStackPropsTemplate.cs</ApplicationRelativeFilePath>
      <ProjectRelativeFilePath>ApplicationStackProps/ApplicationStackPropsTemplate.cs</ProjectRelativeFilePath>
      <IsIgnored>false</IsIgnored>
    </FileLog>
    <FileLog>
      <ProjectId>477bb461-710e-4400-aa09-ff52c67e8b78</ProjectId>
      <CorrelationId>Intent.ModuleBuilder.TypeScript.Templates.TypescriptTemplatePartial#e5b29fda-9e0a-4b1e-b798-de1077f179e9</CorrelationId>
      <OverwriteBehaviour>always</OverwriteBehaviour>
      <ApplicationRelativeFilePath>Templates/ApplicationStackProps/ApplicationStackPropsTemplatePartial.cs</ApplicationRelativeFilePath>
      <ProjectRelativeFilePath>ApplicationStackProps/ApplicationStackPropsTemplatePartial.cs</ProjectRelativeFilePath>
      <IsIgnored>false</IsIgnored>
    </FileLog>
    <FileLog>
      <ProjectId>477bb461-710e-4400-aa09-ff52c67e8b78</ProjectId>
      <CorrelationId>Intent.ModuleBuilder.TemplateRegistration.SingleFileNoModel#e5b29fda-9e0a-4b1e-b798-de1077f179e9</CorrelationId>
      <OverwriteBehaviour>always</OverwriteBehaviour>
      <ApplicationRelativeFilePath>Templates/ApplicationStackProps/ApplicationStackPropsTemplateRegistration.cs</ApplicationRelativeFilePath>
      <ProjectRelativeFilePath>ApplicationStackProps/ApplicationStackPropsTemplateRegistration.cs</ProjectRelativeFilePath>
      <IsIgnored>false</IsIgnored>
    </FileLog>
    <FileLog>
      <ProjectId>477bb461-710e-4400-aa09-ff52c67e8b78</ProjectId>
      <CorrelationId>Intent.ModuleBuilder.Templates.FileTemplateStringInterpolation#3fd0e072-a08c-4561-93dd-490da6d6a6cb</CorrelationId>
      <OverwriteBehaviour>always</OverwriteBehaviour>
      <ApplicationRelativeFilePath>Templates/CdkDotJson/CdkDotJsonTemplate.cs</ApplicationRelativeFilePath>
      <ProjectRelativeFilePath>CdkDotJson/CdkDotJsonTemplate.cs</ProjectRelativeFilePath>
      <IsIgnored>false</IsIgnored>
    </FileLog>
    <FileLog>
      <ProjectId>477bb461-710e-4400-aa09-ff52c67e8b78</ProjectId>
      <CorrelationId>Intent.ModuleBuilder.ProjectItemTemplate.Partial#3fd0e072-a08c-4561-93dd-490da6d6a6cb</CorrelationId>
      <OverwriteBehaviour>always</OverwriteBehaviour>
      <ApplicationRelativeFilePath>Templates/CdkDotJson/CdkDotJsonTemplatePartial.cs</ApplicationRelativeFilePath>
      <ProjectRelativeFilePath>CdkDotJson/CdkDotJsonTemplatePartial.cs</ProjectRelativeFilePath>
      <IsIgnored>false</IsIgnored>
    </FileLog>
    <FileLog>
      <ProjectId>477bb461-710e-4400-aa09-ff52c67e8b78</ProjectId>
      <CorrelationId>Intent.ModuleBuilder.TemplateRegistration.SingleFileNoModel#3fd0e072-a08c-4561-93dd-490da6d6a6cb</CorrelationId>
      <OverwriteBehaviour>always</OverwriteBehaviour>
      <ApplicationRelativeFilePath>Templates/CdkDotJson/CdkDotJsonTemplateRegistration.cs</ApplicationRelativeFilePath>
      <ProjectRelativeFilePath>CdkDotJson/CdkDotJsonTemplateRegistration.cs</ProjectRelativeFilePath>
      <IsIgnored>false</IsIgnored>
    </FileLog>
    <FileLog>
      <ProjectId>477bb461-710e-4400-aa09-ff52c67e8b78</ProjectId>
      <CorrelationId>Intent.ModuleBuilder.TypeScript.Templates.TypescriptTemplateStringInterpolation#55ea5114-2d83-4280-af50-893ddca30a3f</CorrelationId>
      <OverwriteBehaviour>always</OverwriteBehaviour>
      <ApplicationRelativeFilePath>Templates/EntryPoint/EntryPointTemplate.cs</ApplicationRelativeFilePath>
      <ProjectRelativeFilePath>EntryPoint/EntryPointTemplate.cs</ProjectRelativeFilePath>
      <IsIgnored>false</IsIgnored>
    </FileLog>
    <FileLog>
      <ProjectId>477bb461-710e-4400-aa09-ff52c67e8b78</ProjectId>
      <CorrelationId>Intent.ModuleBuilder.TypeScript.Templates.TypescriptTemplatePartial#55ea5114-2d83-4280-af50-893ddca30a3f</CorrelationId>
      <OverwriteBehaviour>always</OverwriteBehaviour>
      <ApplicationRelativeFilePath>Templates/EntryPoint/EntryPointTemplatePartial.cs</ApplicationRelativeFilePath>
      <ProjectRelativeFilePath>EntryPoint/EntryPointTemplatePartial.cs</ProjectRelativeFilePath>
      <IsIgnored>false</IsIgnored>
    </FileLog>
    <FileLog>
      <ProjectId>477bb461-710e-4400-aa09-ff52c67e8b78</ProjectId>
      <CorrelationId>Intent.ModuleBuilder.TemplateRegistration.SingleFileNoModel#55ea5114-2d83-4280-af50-893ddca30a3f</CorrelationId>
      <OverwriteBehaviour>always</OverwriteBehaviour>
      <ApplicationRelativeFilePath>Templates/EntryPoint/EntryPointTemplateRegistration.cs</ApplicationRelativeFilePath>
      <ProjectRelativeFilePath>EntryPoint/EntryPointTemplateRegistration.cs</ProjectRelativeFilePath>
      <IsIgnored>false</IsIgnored>
    </FileLog>
    <FileLog>
      <ProjectId>477bb461-710e-4400-aa09-ff52c67e8b78</ProjectId>
      <CorrelationId>Intent.ModuleBuilder.TypeScript.Templates.TypescriptTemplateStringInterpolation#4cc53d00-8349-40b6-a8c6-3b629e3175a3</CorrelationId>
      <OverwriteBehaviour>always</OverwriteBehaviour>
      <ApplicationRelativeFilePath>Templates/Stack/StackTemplate.cs</ApplicationRelativeFilePath>
      <ProjectRelativeFilePath>Stack/StackTemplate.cs</ProjectRelativeFilePath>
      <IsIgnored>false</IsIgnored>
    </FileLog>
    <FileLog>
      <ProjectId>477bb461-710e-4400-aa09-ff52c67e8b78</ProjectId>
      <CorrelationId>Intent.ModuleBuilder.TypeScript.Templates.TypescriptTemplatePartial#4cc53d00-8349-40b6-a8c6-3b629e3175a3</CorrelationId>
      <OverwriteBehaviour>always</OverwriteBehaviour>
      <ApplicationRelativeFilePath>Templates/Stack/StackTemplatePartial.cs</ApplicationRelativeFilePath>
      <ProjectRelativeFilePath>Stack/StackTemplatePartial.cs</ProjectRelativeFilePath>
      <IsIgnored>false</IsIgnored>
    </FileLog>
    <FileLog>
      <ProjectId>477bb461-710e-4400-aa09-ff52c67e8b78</ProjectId>
      <CorrelationId>Intent.ModuleBuilder.TemplateRegistration.FilePerModel#4cc53d00-8349-40b6-a8c6-3b629e3175a3</CorrelationId>
      <OverwriteBehaviour>always</OverwriteBehaviour>
      <ApplicationRelativeFilePath>Templates/Stack/StackTemplateRegistration.cs</ApplicationRelativeFilePath>
      <ProjectRelativeFilePath>Stack/StackTemplateRegistration.cs</ProjectRelativeFilePath>
      <IsIgnored>false</IsIgnored>
    </FileLog>
    <FileLog>
      <ProjectId>477bb461-710e-4400-aa09-ff52c67e8b78</ProjectId>
      <CorrelationId>Intent.ModuleBuilder.Templates.TemplateExtensions</CorrelationId>
      <OverwriteBehaviour>always</OverwriteBehaviour>
      <ApplicationRelativeFilePath>Templates/TemplateExtensions.cs</ApplicationRelativeFilePath>
      <ProjectRelativeFilePath>TemplateExtensions.cs</ProjectRelativeFilePath>
      <IsIgnored>false</IsIgnored>
    </FileLog>
    <FileLog>
      <ProjectId>477bb461-710e-4400-aa09-ff52c67e8b78</ProjectId>
      <CorrelationId>Intent.ModuleBuilder.Templates.FileTemplateStringInterpolation#64bc2152-506b-4ad2-8fdf-69135f4de859</CorrelationId>
      <OverwriteBehaviour>always</OverwriteBehaviour>
      <ApplicationRelativeFilePath>Templates/TsConfig/TsConfigTemplate.cs</ApplicationRelativeFilePath>
      <ProjectRelativeFilePath>TsConfig/TsConfigTemplate.cs</ProjectRelativeFilePath>
      <IsIgnored>false</IsIgnored>
    </FileLog>
    <FileLog>
      <ProjectId>477bb461-710e-4400-aa09-ff52c67e8b78</ProjectId>
      <CorrelationId>Intent.ModuleBuilder.ProjectItemTemplate.Partial#64bc2152-506b-4ad2-8fdf-69135f4de859</CorrelationId>
      <OverwriteBehaviour>always</OverwriteBehaviour>
      <ApplicationRelativeFilePath>Templates/TsConfig/TsConfigTemplatePartial.cs</ApplicationRelativeFilePath>
      <ProjectRelativeFilePath>TsConfig/TsConfigTemplatePartial.cs</ProjectRelativeFilePath>
      <IsIgnored>false</IsIgnored>
    </FileLog>
    <FileLog>
      <ProjectId>477bb461-710e-4400-aa09-ff52c67e8b78</ProjectId>
      <CorrelationId>Intent.ModuleBuilder.TemplateRegistration.SingleFileNoModel#64bc2152-506b-4ad2-8fdf-69135f4de859</CorrelationId>
      <OverwriteBehaviour>always</OverwriteBehaviour>
      <ApplicationRelativeFilePath>Templates/TsConfig/TsConfigTemplateRegistration.cs</ApplicationRelativeFilePath>
      <ProjectRelativeFilePath>TsConfig/TsConfigTemplateRegistration.cs</ProjectRelativeFilePath>
      <IsIgnored>false</IsIgnored>
    </FileLog>
  </FileLogs>
</outputLog>