<?xml version="1.0" encoding="utf-8"?>
<outputLog>
  <ApplicationId>4be7ca06-8560-4ea2-8ff2-c3f1b75d4c65</ApplicationId>
  <FileLogs>
    <FileLog>
      <CorrelationId>Intent.VisualStudio.Projects.VisualStudioSolution#af39730f-7c61-47d1-9fba-1a2933a6f0e5</CorrelationId>
      <OverwriteBehaviour>always</OverwriteBehaviour>
      <ApplicationRelativeFilePath>../Intent.Modules.NodeJS.sln</ApplicationRelativeFilePath>
      <IsIgnored>false</IsIgnored>
    </FileLog>
    <FileLog>
      <ProjectId>29ecdb82-a44c-4956-82d1-4530dbd41f44</ProjectId>
      <CorrelationId>Intent.VisualStudio.Projects.CSharpProject#29ecdb82-a44c-4956-82d1-4530dbd41f44</CorrelationId>
      <OverwriteBehaviour>always</OverwriteBehaviour>
      <ApplicationRelativeFilePath>Intent.Module.TypeScript.Domain.csproj</ApplicationRelativeFilePath>
      <ProjectRelativeFilePath>Intent.Module.TypeScript.Domain.csproj</ProjectRelativeFilePath>
      <IsIgnored>false</IsIgnored>
    </FileLog>
    <FileLog>
      <ProjectId>29ecdb82-a44c-4956-82d1-4530dbd41f44</ProjectId>
      <CorrelationId>Intent.ModuleBuilder.IModSpecFile</CorrelationId>
      <OverwriteBehaviour>always</OverwriteBehaviour>
      <ApplicationRelativeFilePath>Intent.NodeJS.Domain.imodspec</ApplicationRelativeFilePath>
      <ProjectRelativeFilePath>Intent.NodeJS.Domain.imodspec</ProjectRelativeFilePath>
      <IsIgnored>false</IsIgnored>
    </FileLog>
    <FileLog>
      <ProjectId>1d070258-7362-4d6e-9eb2-15e73a7e2c04</ProjectId>
      <CorrelationId>Intent.ModuleBuilder.Templates.TemplateDecoratorContract#57ed37be-cc15-4775-9682-7e053ddaa927</CorrelationId>
      <OverwriteBehaviour>always</OverwriteBehaviour>
      <ApplicationRelativeFilePath>Templates/Entity/EntityDecorator.cs</ApplicationRelativeFilePath>
      <ProjectRelativeFilePath>Entity/EntityDecorator.cs</ProjectRelativeFilePath>
      <IsIgnored>false</IsIgnored>
    </FileLog>
    <FileLog>
      <ProjectId>1d070258-7362-4d6e-9eb2-15e73a7e2c04</ProjectId>
      <CorrelationId>ModuleBuilder.Typescript.Templates.TypescriptTemplate.PreProcessT4#23688484-4023-4f11-83fe-6630d3074256</CorrelationId>
      <OverwriteBehaviour>always</OverwriteBehaviour>
      <ApplicationRelativeFilePath>Templates/Entity/EntityTemplate.cs</ApplicationRelativeFilePath>
      <ProjectRelativeFilePath>Entity/EntityTemplate.cs</ProjectRelativeFilePath>
      <IsIgnored>false</IsIgnored>
    </FileLog>
    <FileLog>
      <ProjectId>1d070258-7362-4d6e-9eb2-15e73a7e2c04</ProjectId>
      <CorrelationId>Intent.ModuleBuilder.TypeScript.Templates.TypescriptTemplateT4#23688484-4023-4f11-83fe-6630d3074256</CorrelationId>
      <OverwriteBehaviour>always</OverwriteBehaviour>
      <ApplicationRelativeFilePath>Templates/Entity/EntityTemplate.tt</ApplicationRelativeFilePath>
      <ProjectRelativeFilePath>Entity/EntityTemplate.tt</ProjectRelativeFilePath>
      <IsIgnored>false</IsIgnored>
    </FileLog>
    <FileLog>
      <ProjectId>1d070258-7362-4d6e-9eb2-15e73a7e2c04</ProjectId>
      <CorrelationId>Intent.ModuleBuilder.TypeScript.Templates.TypescriptTemplatePartial#23688484-4023-4f11-83fe-6630d3074256</CorrelationId>
      <OverwriteBehaviour>always</OverwriteBehaviour>
      <ApplicationRelativeFilePath>Templates/Entity/EntityTemplatePartial.cs</ApplicationRelativeFilePath>
      <ProjectRelativeFilePath>Entity/EntityTemplatePartial.cs</ProjectRelativeFilePath>
      <IsIgnored>false</IsIgnored>
    </FileLog>
    <FileLog>
      <ProjectId>1d070258-7362-4d6e-9eb2-15e73a7e2c04</ProjectId>
      <CorrelationId>Intent.ModuleBuilder.TemplateRegistration.FilePerModel#23688484-4023-4f11-83fe-6630d3074256</CorrelationId>
      <OverwriteBehaviour>always</OverwriteBehaviour>
      <ApplicationRelativeFilePath>Templates/Entity/EntityTemplateRegistration.cs</ApplicationRelativeFilePath>
      <ProjectRelativeFilePath>Entity/EntityTemplateRegistration.cs</ProjectRelativeFilePath>
      <IsIgnored>false</IsIgnored>
    </FileLog>
    <FileLog>
      <ProjectId>1d070258-7362-4d6e-9eb2-15e73a7e2c04</ProjectId>
      <CorrelationId>ModuleBuilder.Typescript.Templates.TypescriptTemplate.PreProcessT4#fc400007-1dc1-4d73-a8fa-3d1d5056f148</CorrelationId>
      <OverwriteBehaviour>always</OverwriteBehaviour>
      <ApplicationRelativeFilePath>Templates/Enum/EnumTemplate.cs</ApplicationRelativeFilePath>
      <ProjectRelativeFilePath>Enum/EnumTemplate.cs</ProjectRelativeFilePath>
      <IsIgnored>false</IsIgnored>
    </FileLog>
    <FileLog>
      <ProjectId>1d070258-7362-4d6e-9eb2-15e73a7e2c04</ProjectId>
      <CorrelationId>Intent.ModuleBuilder.TypeScript.Templates.TypescriptTemplateT4#fc400007-1dc1-4d73-a8fa-3d1d5056f148</CorrelationId>
      <OverwriteBehaviour>always</OverwriteBehaviour>
      <ApplicationRelativeFilePath>Templates/Enum/EnumTemplate.tt</ApplicationRelativeFilePath>
      <ProjectRelativeFilePath>Enum/EnumTemplate.tt</ProjectRelativeFilePath>
      <IsIgnored>false</IsIgnored>
    </FileLog>
    <FileLog>
      <ProjectId>1d070258-7362-4d6e-9eb2-15e73a7e2c04</ProjectId>
      <CorrelationId>Intent.ModuleBuilder.TypeScript.Templates.TypescriptTemplatePartial#fc400007-1dc1-4d73-a8fa-3d1d5056f148</CorrelationId>
      <OverwriteBehaviour>always</OverwriteBehaviour>
      <ApplicationRelativeFilePath>Templates/Enum/EnumTemplatePartial.cs</ApplicationRelativeFilePath>
      <ProjectRelativeFilePath>Enum/EnumTemplatePartial.cs</ProjectRelativeFilePath>
      <IsIgnored>false</IsIgnored>
    </FileLog>
    <FileLog>
      <ProjectId>1d070258-7362-4d6e-9eb2-15e73a7e2c04</ProjectId>
      <CorrelationId>Intent.ModuleBuilder.TemplateRegistration.FilePerModel#fc400007-1dc1-4d73-a8fa-3d1d5056f148</CorrelationId>
      <OverwriteBehaviour>always</OverwriteBehaviour>
      <ApplicationRelativeFilePath>Templates/Enum/EnumTemplateRegistration.cs</ApplicationRelativeFilePath>
      <ProjectRelativeFilePath>Enum/EnumTemplateRegistration.cs</ProjectRelativeFilePath>
      <IsIgnored>false</IsIgnored>
    </FileLog>
    <FileLog>
      <ProjectId>1d070258-7362-4d6e-9eb2-15e73a7e2c04</ProjectId>
      <CorrelationId>Intent.ModuleBuilder.Templates.TemplateExtensions</CorrelationId>
      <OverwriteBehaviour>always</OverwriteBehaviour>
      <ApplicationRelativeFilePath>Templates/TemplateExtensions.cs</ApplicationRelativeFilePath>
      <ProjectRelativeFilePath>TemplateExtensions.cs</ProjectRelativeFilePath>
      <IsIgnored>false</IsIgnored>
    </FileLog>
  </FileLogs>
</outputLog>