<?xml version="1.0" encoding="utf-8"?>
<outputLog>
  <ApplicationId>f87dc841-bb66-490e-9de9-9b6d070554a7</ApplicationId>
  <FileLogs>
    <FileLog>
      <CorrelationId>Intent.VisualStudio.Projects.VisualStudio2015Solution#9875856f-7427-4246-a8fa-ddd3a2917202</CorrelationId>
      <ApplicationRelativeFilePath>../Intent.Modules.NodeJs.sln</ApplicationRelativeFilePath>
      <IsIgnored>false</IsIgnored>
    </FileLog>
    <FileLog>
      <ProjectId>f147fd9a-501e-4202-80c5-fe7d2fb03a4f</ProjectId>
      <CorrelationId>Intent.VisualStudio.Projects.CoreLibrary.CSProject#f147fd9a-501e-4202-80c5-fe7d2fb03a4f</CorrelationId>
      <ApplicationRelativeFilePath>Intent.Modules.NestJS.Controllers.csproj</ApplicationRelativeFilePath>
      <ProjectRelativeFilePath>Intent.Modules.NestJS.Controllers.csproj</ProjectRelativeFilePath>
      <IsIgnored>false</IsIgnored>
    </FileLog>
    <FileLog>
      <ProjectId>f147fd9a-501e-4202-80c5-fe7d2fb03a4f</ProjectId>
      <CorrelationId>Intent.ModuleBuilder.IModSpecFile</CorrelationId>
      <ApplicationRelativeFilePath>Intent.NodeJS.NestJS.Controllers.imodspec</ApplicationRelativeFilePath>
      <ProjectRelativeFilePath>Intent.NodeJS.NestJS.Controllers.imodspec</ProjectRelativeFilePath>
      <IsIgnored>false</IsIgnored>
    </FileLog>
    <FileLog>
      <ProjectId>f147fd9a-501e-4202-80c5-fe7d2fb03a4f</ProjectId>
      <CorrelationId>Intent.ModuleBuilder.ReadMe</CorrelationId>
      <ApplicationRelativeFilePath>README.txt</ApplicationRelativeFilePath>
      <ProjectRelativeFilePath>README.txt</ProjectRelativeFilePath>
      <IsIgnored>false</IsIgnored>
    </FileLog>
    <FileLog>
      <ProjectId>a4ce5c50-1a9e-4e01-bd6e-45b7aed04495</ProjectId>
      <CorrelationId>ModuleBuilder.Typescript.Templates.TypescriptTemplate.PreProcessT4#6a139daa-2e95-4170-b396-95b9edef8685</CorrelationId>
      <ApplicationRelativeFilePath>Templates/Controller/ControllerTemplate.cs</ApplicationRelativeFilePath>
      <ProjectRelativeFilePath>Controller/ControllerTemplate.cs</ProjectRelativeFilePath>
      <IsIgnored>false</IsIgnored>
    </FileLog>
    <FileLog>
      <ProjectId>a4ce5c50-1a9e-4e01-bd6e-45b7aed04495</ProjectId>
      <CorrelationId>Intent.ModuleBuilder.TypeScript.Templates.TypescriptTemplate#6a139daa-2e95-4170-b396-95b9edef8685</CorrelationId>
      <ApplicationRelativeFilePath>Templates/Controller/ControllerTemplate.tt</ApplicationRelativeFilePath>
      <ProjectRelativeFilePath>Controller/ControllerTemplate.tt</ProjectRelativeFilePath>
      <IsIgnored>false</IsIgnored>
    </FileLog>
    <FileLog>
      <ProjectId>a4ce5c50-1a9e-4e01-bd6e-45b7aed04495</ProjectId>
      <CorrelationId>Intent.ModuleBuilder.TypeScript.Templates.TypescriptTemplatePartial#6a139daa-2e95-4170-b396-95b9edef8685</CorrelationId>
      <ApplicationRelativeFilePath>Templates/Controller/ControllerTemplatePartial.cs</ApplicationRelativeFilePath>
      <ProjectRelativeFilePath>Controller/ControllerTemplatePartial.cs</ProjectRelativeFilePath>
      <IsIgnored>false</IsIgnored>
    </FileLog>
    <FileLog>
      <ProjectId>a4ce5c50-1a9e-4e01-bd6e-45b7aed04495</ProjectId>
      <CorrelationId>Intent.ModuleBuilder.TemplateRegistration.FilePerModel#6a139daa-2e95-4170-b396-95b9edef8685</CorrelationId>
      <ApplicationRelativeFilePath>Templates/Controller/ControllerTemplateRegistration.cs</ApplicationRelativeFilePath>
      <ProjectRelativeFilePath>Controller/ControllerTemplateRegistration.cs</ProjectRelativeFilePath>
      <IsIgnored>false</IsIgnored>
    </FileLog>
    <FileLog>
      <ProjectId>a4ce5c50-1a9e-4e01-bd6e-45b7aed04495</ProjectId>
      <CorrelationId>ModuleBuilder.Typescript.Templates.TypescriptTemplate.PreProcessT4#bfbea13c-a046-4d49-acfb-aa0fabd1a292</CorrelationId>
      <ApplicationRelativeFilePath>Templates/ControllerBase/ControllerBaseTemplate.cs</ApplicationRelativeFilePath>
      <ProjectRelativeFilePath>ControllerBase/ControllerBaseTemplate.cs</ProjectRelativeFilePath>
      <IsIgnored>false</IsIgnored>
    </FileLog>
    <FileLog>
      <ProjectId>a4ce5c50-1a9e-4e01-bd6e-45b7aed04495</ProjectId>
      <CorrelationId>Intent.ModuleBuilder.TypeScript.Templates.TypescriptTemplate#bfbea13c-a046-4d49-acfb-aa0fabd1a292</CorrelationId>
      <ApplicationRelativeFilePath>Templates/ControllerBase/ControllerBaseTemplate.tt</ApplicationRelativeFilePath>
      <ProjectRelativeFilePath>ControllerBase/ControllerBaseTemplate.tt</ProjectRelativeFilePath>
      <IsIgnored>false</IsIgnored>
    </FileLog>
    <FileLog>
      <ProjectId>a4ce5c50-1a9e-4e01-bd6e-45b7aed04495</ProjectId>
      <CorrelationId>Intent.ModuleBuilder.TypeScript.Templates.TypescriptTemplatePartial#bfbea13c-a046-4d49-acfb-aa0fabd1a292</CorrelationId>
      <ApplicationRelativeFilePath>Templates/ControllerBase/ControllerBaseTemplatePartial.cs</ApplicationRelativeFilePath>
      <ProjectRelativeFilePath>ControllerBase/ControllerBaseTemplatePartial.cs</ProjectRelativeFilePath>
      <IsIgnored>false</IsIgnored>
    </FileLog>
    <FileLog>
      <ProjectId>a4ce5c50-1a9e-4e01-bd6e-45b7aed04495</ProjectId>
      <CorrelationId>Intent.ModuleBuilder.TemplateRegistration.SingleFileNoModel#bfbea13c-a046-4d49-acfb-aa0fabd1a292</CorrelationId>
      <ApplicationRelativeFilePath>Templates/ControllerBase/ControllerBaseTemplateRegistration.cs</ApplicationRelativeFilePath>
      <ProjectRelativeFilePath>ControllerBase/ControllerBaseTemplateRegistration.cs</ProjectRelativeFilePath>
      <IsIgnored>false</IsIgnored>
    </FileLog>
    <FileLog>
      <ProjectId>a4ce5c50-1a9e-4e01-bd6e-45b7aed04495</ProjectId>
      <CorrelationId>ModuleBuilder.Typescript.Templates.TypescriptTemplate.PreProcessT4#8bc432f0-7ba9-46c6-88ad-34807c726993</CorrelationId>
      <ApplicationRelativeFilePath>Templates/DtoModel/DtoModelTemplate.cs</ApplicationRelativeFilePath>
      <ProjectRelativeFilePath>DtoModel/DtoModelTemplate.cs</ProjectRelativeFilePath>
      <IsIgnored>false</IsIgnored>
    </FileLog>
    <FileLog>
      <ProjectId>a4ce5c50-1a9e-4e01-bd6e-45b7aed04495</ProjectId>
      <CorrelationId>Intent.ModuleBuilder.TypeScript.Templates.TypescriptTemplate#8bc432f0-7ba9-46c6-88ad-34807c726993</CorrelationId>
      <ApplicationRelativeFilePath>Templates/DtoModel/DtoModelTemplate.tt</ApplicationRelativeFilePath>
      <ProjectRelativeFilePath>DtoModel/DtoModelTemplate.tt</ProjectRelativeFilePath>
      <IsIgnored>false</IsIgnored>
    </FileLog>
    <FileLog>
      <ProjectId>a4ce5c50-1a9e-4e01-bd6e-45b7aed04495</ProjectId>
      <CorrelationId>Intent.ModuleBuilder.TypeScript.Templates.TypescriptTemplatePartial#8bc432f0-7ba9-46c6-88ad-34807c726993</CorrelationId>
      <ApplicationRelativeFilePath>Templates/DtoModel/DtoModelTemplatePartial.cs</ApplicationRelativeFilePath>
      <ProjectRelativeFilePath>DtoModel/DtoModelTemplatePartial.cs</ProjectRelativeFilePath>
      <IsIgnored>false</IsIgnored>
    </FileLog>
    <FileLog>
      <ProjectId>a4ce5c50-1a9e-4e01-bd6e-45b7aed04495</ProjectId>
      <CorrelationId>Intent.ModuleBuilder.TemplateRegistration.FilePerModel#8bc432f0-7ba9-46c6-88ad-34807c726993</CorrelationId>
      <ApplicationRelativeFilePath>Templates/DtoModel/DtoModelTemplateRegistration.cs</ApplicationRelativeFilePath>
      <ProjectRelativeFilePath>DtoModel/DtoModelTemplateRegistration.cs</ProjectRelativeFilePath>
      <IsIgnored>false</IsIgnored>
    </FileLog>
    <FileLog>
      <ProjectId>a4ce5c50-1a9e-4e01-bd6e-45b7aed04495</ProjectId>
      <CorrelationId>ModuleBuilder.Typescript.Templates.TypescriptTemplate.PreProcessT4#27c77612-3eb9-4b20-bba4-8faef34bfa4a</CorrelationId>
      <ApplicationRelativeFilePath>Templates/Service/ServiceTemplate.cs</ApplicationRelativeFilePath>
      <ProjectRelativeFilePath>Service/ServiceTemplate.cs</ProjectRelativeFilePath>
      <IsIgnored>false</IsIgnored>
    </FileLog>
    <FileLog>
      <ProjectId>a4ce5c50-1a9e-4e01-bd6e-45b7aed04495</ProjectId>
      <CorrelationId>Intent.ModuleBuilder.TypeScript.Templates.TypescriptTemplate#27c77612-3eb9-4b20-bba4-8faef34bfa4a</CorrelationId>
      <ApplicationRelativeFilePath>Templates/Service/ServiceTemplate.tt</ApplicationRelativeFilePath>
      <ProjectRelativeFilePath>Service/ServiceTemplate.tt</ProjectRelativeFilePath>
      <IsIgnored>false</IsIgnored>
    </FileLog>
    <FileLog>
      <ProjectId>a4ce5c50-1a9e-4e01-bd6e-45b7aed04495</ProjectId>
      <CorrelationId>Intent.ModuleBuilder.TypeScript.Templates.TypescriptTemplatePartial#27c77612-3eb9-4b20-bba4-8faef34bfa4a</CorrelationId>
      <ApplicationRelativeFilePath>Templates/Service/ServiceTemplatePartial.cs</ApplicationRelativeFilePath>
      <ProjectRelativeFilePath>Service/ServiceTemplatePartial.cs</ProjectRelativeFilePath>
      <IsIgnored>false</IsIgnored>
    </FileLog>
    <FileLog>
      <ProjectId>a4ce5c50-1a9e-4e01-bd6e-45b7aed04495</ProjectId>
      <CorrelationId>Intent.ModuleBuilder.TemplateRegistration.FilePerModel#27c77612-3eb9-4b20-bba4-8faef34bfa4a</CorrelationId>
      <ApplicationRelativeFilePath>Templates/Service/ServiceTemplateRegistration.cs</ApplicationRelativeFilePath>
      <ProjectRelativeFilePath>Service/ServiceTemplateRegistration.cs</ProjectRelativeFilePath>
      <IsIgnored>false</IsIgnored>
    </FileLog>
    <FileLog>
      <ProjectId>a4ce5c50-1a9e-4e01-bd6e-45b7aed04495</ProjectId>
      <CorrelationId>Intent.ModuleBuilder.Templates.TemplateDecoratorContract#756c3531-1c81-4b08-bb39-3d80b6d7fdf4</CorrelationId>
      <ApplicationRelativeFilePath>Templates/ServiceTemplate/ServiceDecorator.cs</ApplicationRelativeFilePath>
      <ProjectRelativeFilePath>ServiceTemplate/ServiceDecorator.cs</ProjectRelativeFilePath>
      <IsIgnored>false</IsIgnored>
    </FileLog>
  </FileLogs>
</outputLog>