<?xml version="1.0" encoding="utf-8"?>
<outputLog>
  <ApplicationId>6ab70093-5fac-4f17-8c9a-a50664bfa47b</ApplicationId>
  <FileLogs>
    <FileLog>
      <ProjectId>a569c934-af36-490e-983e-f0cc50a166cb</ProjectId>
      <CorrelationId>Intent.ModuleBuilder.Templates.TemplateDecorator#a813dd33-004c-49c9-b3f5-d29be2256027</CorrelationId>
      <ApplicationRelativeFilePath>Decorators/EntityTypeOrmDecorator.cs</ApplicationRelativeFilePath>
      <ProjectRelativeFilePath>EntityTypeOrmDecorator.cs</ProjectRelativeFilePath>
      <IsIgnored>false</IsIgnored>
    </FileLog>
    <FileLog>
      <ProjectId>a569c934-af36-490e-983e-f0cc50a166cb</ProjectId>
      <CorrelationId>Intent.ModuleBuilder.Templates.TemplateDecoratorRegistration#a813dd33-004c-49c9-b3f5-d29be2256027</CorrelationId>
      <ApplicationRelativeFilePath>Decorators/EntityTypeOrmDecoratorRegistration.cs</ApplicationRelativeFilePath>
      <ProjectRelativeFilePath>EntityTypeOrmDecoratorRegistration.cs</ProjectRelativeFilePath>
      <IsIgnored>false</IsIgnored>
    </FileLog>
    <FileLog>
      <ProjectId>9d34d137-f8cd-4985-8989-1b4a83d47a22</ProjectId>
      <CorrelationId>Intent.VisualStudio.Projects.CoreLibrary.CSProject#9d34d137-f8cd-4985-8989-1b4a83d47a22</CorrelationId>
      <ApplicationRelativeFilePath>Intent.Modules.TypeORM.Entities.csproj</ApplicationRelativeFilePath>
      <ProjectRelativeFilePath>Intent.Modules.TypeORM.Entities.csproj</ProjectRelativeFilePath>
      <IsIgnored>false</IsIgnored>
    </FileLog>
    <FileLog>
      <ProjectId>9d34d137-f8cd-4985-8989-1b4a83d47a22</ProjectId>
      <CorrelationId>Intent.ModuleBuilder.IModeSpecFile</CorrelationId>
      <ApplicationRelativeFilePath>Intent.NodeJS.TypeORM.imodspec</ApplicationRelativeFilePath>
      <ProjectRelativeFilePath>Intent.NodeJS.TypeORM.imodspec</ProjectRelativeFilePath>
      <IsIgnored>false</IsIgnored>
    </FileLog>
    <FileLog>
      <ProjectId>9d34d137-f8cd-4985-8989-1b4a83d47a22</ProjectId>
      <CorrelationId>Intent.ModuleBuilder.ReadMe</CorrelationId>
      <ApplicationRelativeFilePath>README.txt</ApplicationRelativeFilePath>
      <ProjectRelativeFilePath>README.txt</ProjectRelativeFilePath>
      <IsIgnored>false</IsIgnored>
    </FileLog>
    <FileLog>
      <ProjectId>c8df7c4a-ae2c-4ca5-a1c2-cfc8a8c6d91d</ProjectId>
      <CorrelationId>ModuleBuilder.Typescript.Templates.TypescriptTemplate.PreProcessT4#37f0dc31-67fd-460b-80ee-2ab07f3aaf32</CorrelationId>
      <ApplicationRelativeFilePath>Templates/OrmConfig/OrmConfigTemplate.cs</ApplicationRelativeFilePath>
      <ProjectRelativeFilePath>OrmConfig/OrmConfigTemplate.cs</ProjectRelativeFilePath>
      <IsIgnored>false</IsIgnored>
    </FileLog>
    <FileLog>
      <ProjectId>c8df7c4a-ae2c-4ca5-a1c2-cfc8a8c6d91d</ProjectId>
      <CorrelationId>Intent.ModuleBuilder.TypeScript.Templates.TypescriptTemplate#37f0dc31-67fd-460b-80ee-2ab07f3aaf32</CorrelationId>
      <ApplicationRelativeFilePath>Templates/OrmConfig/OrmConfigTemplate.tt</ApplicationRelativeFilePath>
      <ProjectRelativeFilePath>OrmConfig/OrmConfigTemplate.tt</ProjectRelativeFilePath>
      <IsIgnored>false</IsIgnored>
    </FileLog>
    <FileLog>
      <ProjectId>c8df7c4a-ae2c-4ca5-a1c2-cfc8a8c6d91d</ProjectId>
      <CorrelationId>Intent.ModuleBuilder.TypeScript.Templates.TypescriptTemplatePartial#37f0dc31-67fd-460b-80ee-2ab07f3aaf32</CorrelationId>
      <ApplicationRelativeFilePath>Templates/OrmConfig/OrmConfigTemplatePartial.cs</ApplicationRelativeFilePath>
      <ProjectRelativeFilePath>OrmConfig/OrmConfigTemplatePartial.cs</ProjectRelativeFilePath>
      <IsIgnored>false</IsIgnored>
    </FileLog>
    <FileLog>
      <ProjectId>c8df7c4a-ae2c-4ca5-a1c2-cfc8a8c6d91d</ProjectId>
      <CorrelationId>Intent.ModuleBuilder.TemplateRegistration.SingleFileListModel#37f0dc31-67fd-460b-80ee-2ab07f3aaf32</CorrelationId>
      <ApplicationRelativeFilePath>Templates/OrmConfig/OrmConfigTemplateRegistration.cs</ApplicationRelativeFilePath>
      <ProjectRelativeFilePath>OrmConfig/OrmConfigTemplateRegistration.cs</ProjectRelativeFilePath>
      <IsIgnored>false</IsIgnored>
    </FileLog>
    <FileLog>
      <ProjectId>c8df7c4a-ae2c-4ca5-a1c2-cfc8a8c6d91d</ProjectId>
      <CorrelationId>ModuleBuilder.Typescript.Templates.TypescriptTemplate.PreProcessT4#6460b69c-1989-48f2-97d8-46007f7a157e</CorrelationId>
      <ApplicationRelativeFilePath>Templates/RepositoryTemplate/RepositoryTemplate.cs</ApplicationRelativeFilePath>
      <ProjectRelativeFilePath>RepositoryTemplate/RepositoryTemplate.cs</ProjectRelativeFilePath>
      <IsIgnored>false</IsIgnored>
    </FileLog>
    <FileLog>
      <ProjectId>c8df7c4a-ae2c-4ca5-a1c2-cfc8a8c6d91d</ProjectId>
      <CorrelationId>Intent.ModuleBuilder.TypeScript.Templates.TypescriptTemplate#6460b69c-1989-48f2-97d8-46007f7a157e</CorrelationId>
      <ApplicationRelativeFilePath>Templates/RepositoryTemplate/RepositoryTemplate.tt</ApplicationRelativeFilePath>
      <ProjectRelativeFilePath>RepositoryTemplate/RepositoryTemplate.tt</ProjectRelativeFilePath>
      <IsIgnored>false</IsIgnored>
    </FileLog>
    <FileLog>
      <ProjectId>c8df7c4a-ae2c-4ca5-a1c2-cfc8a8c6d91d</ProjectId>
      <CorrelationId>Intent.ModuleBuilder.TypeScript.Templates.TypescriptTemplatePartial#6460b69c-1989-48f2-97d8-46007f7a157e</CorrelationId>
      <ApplicationRelativeFilePath>Templates/RepositoryTemplate/RepositoryTemplatePartial.cs</ApplicationRelativeFilePath>
      <ProjectRelativeFilePath>RepositoryTemplate/RepositoryTemplatePartial.cs</ProjectRelativeFilePath>
      <IsIgnored>false</IsIgnored>
    </FileLog>
    <FileLog>
      <ProjectId>c8df7c4a-ae2c-4ca5-a1c2-cfc8a8c6d91d</ProjectId>
      <CorrelationId>Intent.ModuleBuilder.TemplateRegistration.FilePerModel#6460b69c-1989-48f2-97d8-46007f7a157e</CorrelationId>
      <ApplicationRelativeFilePath>Templates/RepositoryTemplate/RepositoryTemplateRegistration.cs</ApplicationRelativeFilePath>
      <ProjectRelativeFilePath>RepositoryTemplate/RepositoryTemplateRegistration.cs</ProjectRelativeFilePath>
      <IsIgnored>false</IsIgnored>
    </FileLog>
  </FileLogs>
</outputLog>