<?xml version="1.0" encoding="utf-8"?>
<outputLog>
  <ApplicationId>4be7ca06-8560-4ea2-8ff2-c3f1b75d4c65</ApplicationId>
  <FileLogs>
    <FileLog>
      <ApplicationRelativeFilePath>../Intent.Modules.NodeJS.sln</ApplicationRelativeFilePath>
      <IsIgnored>false</IsIgnored>
    </FileLog>
    <FileLog>
      <ProjectId>cc9a4c9e-686e-403b-84d7-00b3f54236e8</ProjectId>
      <CorrelationId>Intent.VisualStudio.Projects.CoreLibrary.CSProject#cc9a4c9e-686e-403b-84d7-00b3f54236e8</CorrelationId>
      <ApplicationRelativeFilePath>Intent.Module.TypeScript.Domain.csproj</ApplicationRelativeFilePath>
      <ProjectRelativeFilePath>Intent.Module.TypeScript.Domain.csproj</ProjectRelativeFilePath>
      <IsIgnored>false</IsIgnored>
    </FileLog>
    <FileLog>
      <ProjectId>cc9a4c9e-686e-403b-84d7-00b3f54236e8</ProjectId>
      <CorrelationId>Intent.ModuleBuilder.IModeSpecFile</CorrelationId>
      <ApplicationRelativeFilePath>Intent.NodeJS.Domain.imodspec</ApplicationRelativeFilePath>
      <ProjectRelativeFilePath>Intent.NodeJS.Domain.imodspec</ProjectRelativeFilePath>
      <IsIgnored>false</IsIgnored>
    </FileLog>
    <FileLog>
      <ProjectId>cc9a4c9e-686e-403b-84d7-00b3f54236e8</ProjectId>
      <CorrelationId>Intent.ModuleBuilder.ReadMe</CorrelationId>
      <ApplicationRelativeFilePath>README.txt</ApplicationRelativeFilePath>
      <ProjectRelativeFilePath>README.txt</ProjectRelativeFilePath>
      <IsIgnored>false</IsIgnored>
    </FileLog>
    <FileLog>
      <ProjectId>1d070258-7362-4d6e-9eb2-15e73a7e2c04</ProjectId>
      <CorrelationId>Intent.ModuleBuilder.Templates.TemplateDecoratorContract#57ed37be-cc15-4775-9682-7e053ddaa927</CorrelationId>
      <ApplicationRelativeFilePath>Templates/Entity/EntityDecorator.cs</ApplicationRelativeFilePath>
      <ProjectRelativeFilePath>Entity/EntityDecorator.cs</ProjectRelativeFilePath>
      <IsIgnored>false</IsIgnored>
    </FileLog>
    <FileLog>
      <ProjectId>1d070258-7362-4d6e-9eb2-15e73a7e2c04</ProjectId>
      <CorrelationId>ModuleBuilder.Typescript.Templates.TypescriptTemplate.PreProcessT4#23688484-4023-4f11-83fe-6630d3074256</CorrelationId>
      <ApplicationRelativeFilePath>Templates/Entity/EntityTemplate.cs</ApplicationRelativeFilePath>
      <ProjectRelativeFilePath>Entity/EntityTemplate.cs</ProjectRelativeFilePath>
      <IsIgnored>false</IsIgnored>
    </FileLog>
    <FileLog>
      <ProjectId>1d070258-7362-4d6e-9eb2-15e73a7e2c04</ProjectId>
      <CorrelationId>Intent.ModuleBuilder.TypeScript.Templates.TypescriptTemplate#23688484-4023-4f11-83fe-6630d3074256</CorrelationId>
      <ApplicationRelativeFilePath>Templates/Entity/EntityTemplate.tt</ApplicationRelativeFilePath>
      <ProjectRelativeFilePath>Entity/EntityTemplate.tt</ProjectRelativeFilePath>
      <IsIgnored>false</IsIgnored>
    </FileLog>
    <FileLog>
      <ProjectId>1d070258-7362-4d6e-9eb2-15e73a7e2c04</ProjectId>
      <CorrelationId>Intent.ModuleBuilder.TypeScript.Templates.TypescriptTemplatePartial#23688484-4023-4f11-83fe-6630d3074256</CorrelationId>
      <ApplicationRelativeFilePath>Templates/Entity/EntityTemplatePartial.cs</ApplicationRelativeFilePath>
      <ProjectRelativeFilePath>Entity/EntityTemplatePartial.cs</ProjectRelativeFilePath>
      <IsIgnored>false</IsIgnored>
    </FileLog>
    <FileLog>
      <ProjectId>1d070258-7362-4d6e-9eb2-15e73a7e2c04</ProjectId>
      <CorrelationId>Intent.ModuleBuilder.TemplateRegistration.FilePerModel#23688484-4023-4f11-83fe-6630d3074256</CorrelationId>
      <ApplicationRelativeFilePath>Templates/Entity/EntityTemplateRegistration.cs</ApplicationRelativeFilePath>
      <ProjectRelativeFilePath>Entity/EntityTemplateRegistration.cs</ProjectRelativeFilePath>
      <IsIgnored>false</IsIgnored>
    </FileLog>
  </FileLogs>
</outputLog>