<?xml version="1.0" encoding="utf-8"?>
<outputLog>
  <ApplicationId>60592d70-c560-475e-afd8-594086c245fd</ApplicationId>
  <FileLogs>
    <FileLog>
      <CorrelationId>Intent.VisualStudio.Projects.VisualStudio2015Solution#795216c4-134f-4a70-adce-d76193718bd7</CorrelationId>
      <OverwriteBehaviour>always</OverwriteBehaviour>
      <ApplicationRelativeFilePath>../Intent.Modules.NodeJS.sln</ApplicationRelativeFilePath>
      <IsIgnored>false</IsIgnored>
    </FileLog>
    <FileLog>
      <ProjectId>16f85321-108c-43dd-97c1-6fdda7e6097a</ProjectId>
      <CorrelationId>Intent.ModuleBuilder.Templates.TemplateDecorator#d5a228cb-145d-4bd0-88f5-dc2aa2fff4e5</CorrelationId>
      <OverwriteBehaviour>always</OverwriteBehaviour>
      <ApplicationRelativeFilePath>Decorators/ControllerRolesDecorator.cs</ApplicationRelativeFilePath>
      <ProjectRelativeFilePath>ControllerRolesDecorator.cs</ProjectRelativeFilePath>
      <IsIgnored>false</IsIgnored>
    </FileLog>
    <FileLog>
      <ProjectId>16f85321-108c-43dd-97c1-6fdda7e6097a</ProjectId>
      <CorrelationId>Intent.ModuleBuilder.Templates.TemplateDecoratorRegistration#d5a228cb-145d-4bd0-88f5-dc2aa2fff4e5</CorrelationId>
      <OverwriteBehaviour>always</OverwriteBehaviour>
      <ApplicationRelativeFilePath>Decorators/ControllerRolesDecoratorRegistration.cs</ApplicationRelativeFilePath>
      <ProjectRelativeFilePath>ControllerRolesDecoratorRegistration.cs</ProjectRelativeFilePath>
      <IsIgnored>false</IsIgnored>
    </FileLog>
    <FileLog>
      <ProjectId>16f85321-108c-43dd-97c1-6fdda7e6097a</ProjectId>
      <CorrelationId>Intent.ModuleBuilder.Templates.TemplateDecorator#e32571c2-7dfe-4fac-874e-3ca3459252fe</CorrelationId>
      <OverwriteBehaviour>always</OverwriteBehaviour>
      <ApplicationRelativeFilePath>Decorators/UserRolesDecorator.cs</ApplicationRelativeFilePath>
      <ProjectRelativeFilePath>UserRolesDecorator.cs</ProjectRelativeFilePath>
      <IsIgnored>false</IsIgnored>
    </FileLog>
    <FileLog>
      <ProjectId>16f85321-108c-43dd-97c1-6fdda7e6097a</ProjectId>
      <CorrelationId>Intent.ModuleBuilder.Templates.TemplateDecoratorRegistration#e32571c2-7dfe-4fac-874e-3ca3459252fe</CorrelationId>
      <OverwriteBehaviour>always</OverwriteBehaviour>
      <ApplicationRelativeFilePath>Decorators/UserRolesDecoratorRegistration.cs</ApplicationRelativeFilePath>
      <ProjectRelativeFilePath>UserRolesDecoratorRegistration.cs</ProjectRelativeFilePath>
      <IsIgnored>false</IsIgnored>
    </FileLog>
    <FileLog>
      <ProjectId>0591139a-a05b-44df-8060-0a627cc52397</ProjectId>
      <CorrelationId>Intent.VisualStudio.Projects.CoreLibrary.CSProject#0591139a-a05b-44df-8060-0a627cc52397</CorrelationId>
      <OverwriteBehaviour>once-off</OverwriteBehaviour>
      <ApplicationRelativeFilePath>Intent.Modules.NestJS.Authorization.csproj</ApplicationRelativeFilePath>
      <ProjectRelativeFilePath>Intent.Modules.NestJS.Authorization.csproj</ProjectRelativeFilePath>
      <IsIgnored>false</IsIgnored>
    </FileLog>
    <FileLog>
      <ProjectId>0591139a-a05b-44df-8060-0a627cc52397</ProjectId>
      <CorrelationId>Intent.ModuleBuilder.IModSpecFile</CorrelationId>
      <OverwriteBehaviour>always</OverwriteBehaviour>
      <ApplicationRelativeFilePath>Intent.NodeJS.NestJS.Authorization.imodspec</ApplicationRelativeFilePath>
      <ProjectRelativeFilePath>Intent.NodeJS.NestJS.Authorization.imodspec</ProjectRelativeFilePath>
      <IsIgnored>false</IsIgnored>
    </FileLog>
    <FileLog>
      <ProjectId>0591139a-a05b-44df-8060-0a627cc52397</ProjectId>
      <CorrelationId>Intent.ModuleBuilder.ReadMe</CorrelationId>
      <OverwriteBehaviour>always</OverwriteBehaviour>
      <ApplicationRelativeFilePath>README.txt</ApplicationRelativeFilePath>
      <ProjectRelativeFilePath>README.txt</ProjectRelativeFilePath>
      <IsIgnored>false</IsIgnored>
    </FileLog>
    <FileLog>
      <ProjectId>0523cdd9-de40-499d-b313-479430ac29c7</ProjectId>
      <CorrelationId>ModuleBuilder.Typescript.Templates.TypescriptTemplate.PreProcessT4#1f4a5869-50fc-4b32-a8d7-253fa84c7e27</CorrelationId>
      <OverwriteBehaviour>always</OverwriteBehaviour>
      <ApplicationRelativeFilePath>Templates/RoleEnum/RoleEnumTemplate.cs</ApplicationRelativeFilePath>
      <ProjectRelativeFilePath>RoleEnum/RoleEnumTemplate.cs</ProjectRelativeFilePath>
      <IsIgnored>false</IsIgnored>
    </FileLog>
    <FileLog>
      <ProjectId>0523cdd9-de40-499d-b313-479430ac29c7</ProjectId>
      <CorrelationId>Intent.ModuleBuilder.TypeScript.Templates.TypescriptTemplateT4#1f4a5869-50fc-4b32-a8d7-253fa84c7e27</CorrelationId>
      <OverwriteBehaviour>always</OverwriteBehaviour>
      <ApplicationRelativeFilePath>Templates/RoleEnum/RoleEnumTemplate.tt</ApplicationRelativeFilePath>
      <ProjectRelativeFilePath>RoleEnum/RoleEnumTemplate.tt</ProjectRelativeFilePath>
      <IsIgnored>false</IsIgnored>
    </FileLog>
    <FileLog>
      <ProjectId>0523cdd9-de40-499d-b313-479430ac29c7</ProjectId>
      <CorrelationId>Intent.ModuleBuilder.TypeScript.Templates.TypescriptTemplatePartial#1f4a5869-50fc-4b32-a8d7-253fa84c7e27</CorrelationId>
      <OverwriteBehaviour>always</OverwriteBehaviour>
      <ApplicationRelativeFilePath>Templates/RoleEnum/RoleEnumTemplatePartial.cs</ApplicationRelativeFilePath>
      <ProjectRelativeFilePath>RoleEnum/RoleEnumTemplatePartial.cs</ProjectRelativeFilePath>
      <IsIgnored>false</IsIgnored>
    </FileLog>
    <FileLog>
      <ProjectId>0523cdd9-de40-499d-b313-479430ac29c7</ProjectId>
      <CorrelationId>Intent.ModuleBuilder.TemplateRegistration.SingleFileNoModel#1f4a5869-50fc-4b32-a8d7-253fa84c7e27</CorrelationId>
      <OverwriteBehaviour>always</OverwriteBehaviour>
      <ApplicationRelativeFilePath>Templates/RoleEnum/RoleEnumTemplateRegistration.cs</ApplicationRelativeFilePath>
      <ProjectRelativeFilePath>RoleEnum/RoleEnumTemplateRegistration.cs</ProjectRelativeFilePath>
      <IsIgnored>false</IsIgnored>
    </FileLog>
    <FileLog>
      <ProjectId>0523cdd9-de40-499d-b313-479430ac29c7</ProjectId>
      <CorrelationId>ModuleBuilder.Typescript.Templates.TypescriptTemplate.PreProcessT4#37eb5ae7-e413-4a25-ae90-ef9df196eecb</CorrelationId>
      <OverwriteBehaviour>always</OverwriteBehaviour>
      <ApplicationRelativeFilePath>Templates/RolesDecorator/RolesDecoratorTemplate.cs</ApplicationRelativeFilePath>
      <ProjectRelativeFilePath>RolesDecorator/RolesDecoratorTemplate.cs</ProjectRelativeFilePath>
      <IsIgnored>false</IsIgnored>
    </FileLog>
    <FileLog>
      <ProjectId>0523cdd9-de40-499d-b313-479430ac29c7</ProjectId>
      <CorrelationId>Intent.ModuleBuilder.TypeScript.Templates.TypescriptTemplateT4#37eb5ae7-e413-4a25-ae90-ef9df196eecb</CorrelationId>
      <OverwriteBehaviour>always</OverwriteBehaviour>
      <ApplicationRelativeFilePath>Templates/RolesDecorator/RolesDecoratorTemplate.tt</ApplicationRelativeFilePath>
      <ProjectRelativeFilePath>RolesDecorator/RolesDecoratorTemplate.tt</ProjectRelativeFilePath>
      <IsIgnored>false</IsIgnored>
    </FileLog>
    <FileLog>
      <ProjectId>0523cdd9-de40-499d-b313-479430ac29c7</ProjectId>
      <CorrelationId>Intent.ModuleBuilder.TypeScript.Templates.TypescriptTemplatePartial#37eb5ae7-e413-4a25-ae90-ef9df196eecb</CorrelationId>
      <OverwriteBehaviour>always</OverwriteBehaviour>
      <ApplicationRelativeFilePath>Templates/RolesDecorator/RolesDecoratorTemplatePartial.cs</ApplicationRelativeFilePath>
      <ProjectRelativeFilePath>RolesDecorator/RolesDecoratorTemplatePartial.cs</ProjectRelativeFilePath>
      <IsIgnored>false</IsIgnored>
    </FileLog>
    <FileLog>
      <ProjectId>0523cdd9-de40-499d-b313-479430ac29c7</ProjectId>
      <CorrelationId>Intent.ModuleBuilder.TemplateRegistration.SingleFileNoModel#37eb5ae7-e413-4a25-ae90-ef9df196eecb</CorrelationId>
      <OverwriteBehaviour>always</OverwriteBehaviour>
      <ApplicationRelativeFilePath>Templates/RolesDecorator/RolesDecoratorTemplateRegistration.cs</ApplicationRelativeFilePath>
      <ProjectRelativeFilePath>RolesDecorator/RolesDecoratorTemplateRegistration.cs</ProjectRelativeFilePath>
      <IsIgnored>false</IsIgnored>
    </FileLog>
    <FileLog>
      <ProjectId>0523cdd9-de40-499d-b313-479430ac29c7</ProjectId>
      <CorrelationId>ModuleBuilder.Typescript.Templates.TypescriptTemplate.PreProcessT4#fb41d536-d0d3-4519-ad85-18ee8889cbb3</CorrelationId>
      <OverwriteBehaviour>always</OverwriteBehaviour>
      <ApplicationRelativeFilePath>Templates/RolesGuard/RolesGuardTemplate.cs</ApplicationRelativeFilePath>
      <ProjectRelativeFilePath>RolesGuard/RolesGuardTemplate.cs</ProjectRelativeFilePath>
      <IsIgnored>false</IsIgnored>
    </FileLog>
    <FileLog>
      <ProjectId>0523cdd9-de40-499d-b313-479430ac29c7</ProjectId>
      <CorrelationId>Intent.ModuleBuilder.TypeScript.Templates.TypescriptTemplateT4#fb41d536-d0d3-4519-ad85-18ee8889cbb3</CorrelationId>
      <OverwriteBehaviour>always</OverwriteBehaviour>
      <ApplicationRelativeFilePath>Templates/RolesGuard/RolesGuardTemplate.tt</ApplicationRelativeFilePath>
      <ProjectRelativeFilePath>RolesGuard/RolesGuardTemplate.tt</ProjectRelativeFilePath>
      <IsIgnored>false</IsIgnored>
    </FileLog>
    <FileLog>
      <ProjectId>0523cdd9-de40-499d-b313-479430ac29c7</ProjectId>
      <CorrelationId>Intent.ModuleBuilder.TypeScript.Templates.TypescriptTemplatePartial#fb41d536-d0d3-4519-ad85-18ee8889cbb3</CorrelationId>
      <OverwriteBehaviour>always</OverwriteBehaviour>
      <ApplicationRelativeFilePath>Templates/RolesGuard/RolesGuardTemplatePartial.cs</ApplicationRelativeFilePath>
      <ProjectRelativeFilePath>RolesGuard/RolesGuardTemplatePartial.cs</ProjectRelativeFilePath>
      <IsIgnored>false</IsIgnored>
    </FileLog>
    <FileLog>
      <ProjectId>0523cdd9-de40-499d-b313-479430ac29c7</ProjectId>
      <CorrelationId>Intent.ModuleBuilder.TemplateRegistration.SingleFileNoModel#fb41d536-d0d3-4519-ad85-18ee8889cbb3</CorrelationId>
      <OverwriteBehaviour>always</OverwriteBehaviour>
      <ApplicationRelativeFilePath>Templates/RolesGuard/RolesGuardTemplateRegistration.cs</ApplicationRelativeFilePath>
      <ProjectRelativeFilePath>RolesGuard/RolesGuardTemplateRegistration.cs</ProjectRelativeFilePath>
      <IsIgnored>false</IsIgnored>
    </FileLog>
    <FileLog>
      <ProjectId>0523cdd9-de40-499d-b313-479430ac29c7</ProjectId>
      <CorrelationId>Intent.ModuleBuilder.Templates.TemplateExtensions</CorrelationId>
      <OverwriteBehaviour>always</OverwriteBehaviour>
      <ApplicationRelativeFilePath>Templates/TemplateExtensions.cs</ApplicationRelativeFilePath>
      <ProjectRelativeFilePath>TemplateExtensions.cs</ProjectRelativeFilePath>
      <IsIgnored>false</IsIgnored>
    </FileLog>
  </FileLogs>
</outputLog>