<?xml version="1.0" encoding="utf-8"?>
<outputLog>
  <ApplicationId>31f29dd9-67f7-43ca-955b-2b6fbe4de863</ApplicationId>
  <FileLogs>
    <FileLog>
      <CorrelationId>Intent.VisualStudio.Projects.VisualStudio2015Solution#9fab5783-ff39-408f-887f-5ce279dcf8c8</CorrelationId>
      <OverwriteBehaviour>always</OverwriteBehaviour>
      <ApplicationRelativeFilePath>../Intent.Modules.NodeJS.sln</ApplicationRelativeFilePath>
      <IsIgnored>false</IsIgnored>
    </FileLog>
    <FileLog>
      <ProjectId>2108976c-bb76-47ef-ad66-7dde504a5fc4</ProjectId>
      <CorrelationId>Intent.VisualStudio.Projects.CoreLibrary.CSProject#2108976c-bb76-47ef-ad66-7dde504a5fc4</CorrelationId>
      <OverwriteBehaviour>always</OverwriteBehaviour>
      <ApplicationRelativeFilePath>Intent.Modules.NodeJS.AWS.S3.csproj</ApplicationRelativeFilePath>
      <ProjectRelativeFilePath>Intent.Modules.NodeJS.AWS.S3.csproj</ProjectRelativeFilePath>
      <IsIgnored>false</IsIgnored>
    </FileLog>
    <FileLog>
      <ProjectId>2108976c-bb76-47ef-ad66-7dde504a5fc4</ProjectId>
      <CorrelationId>Intent.ModuleBuilder.IModSpecFile</CorrelationId>
      <OverwriteBehaviour>always</OverwriteBehaviour>
      <ApplicationRelativeFilePath>Intent.NodeJS.AWS.S3.imodspec</ApplicationRelativeFilePath>
      <ProjectRelativeFilePath>Intent.NodeJS.AWS.S3.imodspec</ProjectRelativeFilePath>
      <IsIgnored>false</IsIgnored>
    </FileLog>
    <FileLog>
      <ProjectId>2108976c-bb76-47ef-ad66-7dde504a5fc4</ProjectId>
      <CorrelationId>Intent.ModuleBuilder.ReadMe</CorrelationId>
      <OverwriteBehaviour>always</OverwriteBehaviour>
      <ApplicationRelativeFilePath>README.txt</ApplicationRelativeFilePath>
      <ProjectRelativeFilePath>README.txt</ProjectRelativeFilePath>
      <IsIgnored>false</IsIgnored>
    </FileLog>
    <FileLog>
      <ProjectId>a07401f9-239f-4fe7-ab21-ef07c0da7f5a</ProjectId>
      <CorrelationId>Intent.ModuleBuilder.TypeScript.Templates.TypescriptTemplateStringInterpolation#d105b9e1-504c-4d57-8b83-3f5273569590</CorrelationId>
      <OverwriteBehaviour>always</OverwriteBehaviour>
      <ApplicationRelativeFilePath>Templates/S3BucketClient/S3BucketClientTemplate.cs</ApplicationRelativeFilePath>
      <ProjectRelativeFilePath>S3BucketClient/S3BucketClientTemplate.cs</ProjectRelativeFilePath>
      <IsIgnored>false</IsIgnored>
    </FileLog>
    <FileLog>
      <ProjectId>a07401f9-239f-4fe7-ab21-ef07c0da7f5a</ProjectId>
      <CorrelationId>Intent.ModuleBuilder.TypeScript.Templates.TypescriptTemplatePartial#d105b9e1-504c-4d57-8b83-3f5273569590</CorrelationId>
      <OverwriteBehaviour>always</OverwriteBehaviour>
      <ApplicationRelativeFilePath>Templates/S3BucketClient/S3BucketClientTemplatePartial.cs</ApplicationRelativeFilePath>
      <ProjectRelativeFilePath>S3BucketClient/S3BucketClientTemplatePartial.cs</ProjectRelativeFilePath>
      <IsIgnored>false</IsIgnored>
    </FileLog>
    <FileLog>
      <ProjectId>a07401f9-239f-4fe7-ab21-ef07c0da7f5a</ProjectId>
      <CorrelationId>Intent.ModuleBuilder.TemplateRegistration.SingleFileNoModel#d105b9e1-504c-4d57-8b83-3f5273569590</CorrelationId>
      <OverwriteBehaviour>always</OverwriteBehaviour>
      <ApplicationRelativeFilePath>Templates/S3BucketClient/S3BucketClientTemplateRegistration.cs</ApplicationRelativeFilePath>
      <ProjectRelativeFilePath>S3BucketClient/S3BucketClientTemplateRegistration.cs</ProjectRelativeFilePath>
      <IsIgnored>false</IsIgnored>
    </FileLog>
    <FileLog>
      <ProjectId>a07401f9-239f-4fe7-ab21-ef07c0da7f5a</ProjectId>
      <CorrelationId>Intent.ModuleBuilder.Templates.TemplateExtensions</CorrelationId>
      <OverwriteBehaviour>always</OverwriteBehaviour>
      <ApplicationRelativeFilePath>Templates/TemplateExtensions.cs</ApplicationRelativeFilePath>
      <ProjectRelativeFilePath>TemplateExtensions.cs</ProjectRelativeFilePath>
      <IsIgnored>false</IsIgnored>
    </FileLog>
  </FileLogs>
</outputLog>