<?xml version="1.0" encoding="utf-8"?>
<outputLog>
  <ApplicationId>72fbbb6f-04b1-4d7f-8bd6-c22a6eec94e9</ApplicationId>
  <FileLogs>
    <FileLog>
      <CorrelationId>Intent.VisualStudio.Projects.VisualStudio2015Solution#d12e5036-1295-4209-abdb-9840c6595348</CorrelationId>
      <OverwriteBehaviour>always</OverwriteBehaviour>
      <ApplicationRelativeFilePath>../Intent.Modules.NodeJS.sln</ApplicationRelativeFilePath>
      <IsIgnored>false</IsIgnored>
    </FileLog>
    <FileLog>
      <ProjectId>90c56d6f-e7a5-4153-9415-525d499b4cf3</ProjectId>
      <CorrelationId>Intent.VisualStudio.Projects.CoreLibrary.CSProject#90c56d6f-e7a5-4153-9415-525d499b4cf3</CorrelationId>
      <OverwriteBehaviour>always</OverwriteBehaviour>
      <ApplicationRelativeFilePath>Intent.Modules.NodeJS.AWS.SQS.csproj</ApplicationRelativeFilePath>
      <ProjectRelativeFilePath>Intent.Modules.NodeJS.AWS.SQS.csproj</ProjectRelativeFilePath>
      <IsIgnored>false</IsIgnored>
    </FileLog>
    <FileLog>
      <ProjectId>90c56d6f-e7a5-4153-9415-525d499b4cf3</ProjectId>
      <CorrelationId>Intent.ModuleBuilder.IModSpecFile</CorrelationId>
      <OverwriteBehaviour>always</OverwriteBehaviour>
      <ApplicationRelativeFilePath>Intent.NodeJS.AWS.SQS.imodspec</ApplicationRelativeFilePath>
      <ProjectRelativeFilePath>Intent.NodeJS.AWS.SQS.imodspec</ProjectRelativeFilePath>
      <IsIgnored>false</IsIgnored>
    </FileLog>
    <FileLog>
      <ProjectId>90c56d6f-e7a5-4153-9415-525d499b4cf3</ProjectId>
      <CorrelationId>Intent.ModuleBuilder.ReadMe</CorrelationId>
      <OverwriteBehaviour>always</OverwriteBehaviour>
      <ApplicationRelativeFilePath>README.txt</ApplicationRelativeFilePath>
      <ProjectRelativeFilePath>README.txt</ProjectRelativeFilePath>
      <IsIgnored>false</IsIgnored>
    </FileLog>
    <FileLog>
      <ProjectId>c60ec550-9903-4dec-b901-4f5dcb33fdb7</ProjectId>
      <CorrelationId>Intent.ModuleBuilder.TypeScript.Templates.TypescriptTemplateStringInterpolation#dddfc290-7385-4b15-a93d-28a582c527f1</CorrelationId>
      <OverwriteBehaviour>always</OverwriteBehaviour>
      <ApplicationRelativeFilePath>Templates/SqsSender/SqsSenderTemplate.cs</ApplicationRelativeFilePath>
      <ProjectRelativeFilePath>SqsSender/SqsSenderTemplate.cs</ProjectRelativeFilePath>
      <IsIgnored>false</IsIgnored>
    </FileLog>
    <FileLog>
      <ProjectId>c60ec550-9903-4dec-b901-4f5dcb33fdb7</ProjectId>
      <CorrelationId>Intent.ModuleBuilder.TypeScript.Templates.TypescriptTemplatePartial#dddfc290-7385-4b15-a93d-28a582c527f1</CorrelationId>
      <OverwriteBehaviour>always</OverwriteBehaviour>
      <ApplicationRelativeFilePath>Templates/SqsSender/SqsSenderTemplatePartial.cs</ApplicationRelativeFilePath>
      <ProjectRelativeFilePath>SqsSender/SqsSenderTemplatePartial.cs</ProjectRelativeFilePath>
      <IsIgnored>false</IsIgnored>
    </FileLog>
    <FileLog>
      <ProjectId>c60ec550-9903-4dec-b901-4f5dcb33fdb7</ProjectId>
      <CorrelationId>Intent.ModuleBuilder.TemplateRegistration.SingleFileNoModel#dddfc290-7385-4b15-a93d-28a582c527f1</CorrelationId>
      <OverwriteBehaviour>always</OverwriteBehaviour>
      <ApplicationRelativeFilePath>Templates/SqsSender/SqsSenderTemplateRegistration.cs</ApplicationRelativeFilePath>
      <ProjectRelativeFilePath>SqsSender/SqsSenderTemplateRegistration.cs</ProjectRelativeFilePath>
      <IsIgnored>false</IsIgnored>
    </FileLog>
    <FileLog>
      <ProjectId>c60ec550-9903-4dec-b901-4f5dcb33fdb7</ProjectId>
      <CorrelationId>Intent.ModuleBuilder.Templates.TemplateExtensions</CorrelationId>
      <OverwriteBehaviour>always</OverwriteBehaviour>
      <ApplicationRelativeFilePath>Templates/TemplateExtensions.cs</ApplicationRelativeFilePath>
      <ProjectRelativeFilePath>TemplateExtensions.cs</ProjectRelativeFilePath>
      <IsIgnored>false</IsIgnored>
    </FileLog>
  </FileLogs>
</outputLog>