<?xml version="1.0" encoding="utf-8"?>
<outputLog>
  <ApplicationId>bba23718-f829-4812-b9f9-d3e5df76e6ad</ApplicationId>
  <FileLogs>
    <FileLog>
      <CorrelationId>Intent.VisualStudio.Projects.VisualStudio2015Solution#94bb12b8-8da0-446d-87b6-76464fbeab2b</CorrelationId>
      <OverwriteBehaviour>always</OverwriteBehaviour>
      <ApplicationRelativeFilePath>../Intent.Modules.NodeJS.sln</ApplicationRelativeFilePath>
      <IsIgnored>false</IsIgnored>
    </FileLog>
    <FileLog>
      <ProjectId>2a3a9a98-b0d1-4c6a-a5e3-5adf071fbb73</ProjectId>
      <CorrelationId>Intent.VisualStudio.Projects.CoreLibrary.CSProject#2a3a9a98-b0d1-4c6a-a5e3-5adf071fbb73</CorrelationId>
      <OverwriteBehaviour>always</OverwriteBehaviour>
      <ApplicationRelativeFilePath>Intent.Modules.NodeJS.AWS.DynamoDB.csproj</ApplicationRelativeFilePath>
      <ProjectRelativeFilePath>Intent.Modules.NodeJS.AWS.DynamoDB.csproj</ProjectRelativeFilePath>
      <IsIgnored>false</IsIgnored>
    </FileLog>
    <FileLog>
      <ProjectId>2a3a9a98-b0d1-4c6a-a5e3-5adf071fbb73</ProjectId>
      <CorrelationId>Intent.ModuleBuilder.IModSpecFile</CorrelationId>
      <OverwriteBehaviour>always</OverwriteBehaviour>
      <ApplicationRelativeFilePath>Intent.NodeJS.AWS.DynamoDB.imodspec</ApplicationRelativeFilePath>
      <ProjectRelativeFilePath>Intent.NodeJS.AWS.DynamoDB.imodspec</ProjectRelativeFilePath>
      <IsIgnored>false</IsIgnored>
    </FileLog>
    <FileLog>
      <ProjectId>2a3a9a98-b0d1-4c6a-a5e3-5adf071fbb73</ProjectId>
      <CorrelationId>Intent.ModuleBuilder.ReadMe</CorrelationId>
      <OverwriteBehaviour>always</OverwriteBehaviour>
      <ApplicationRelativeFilePath>README.txt</ApplicationRelativeFilePath>
      <ProjectRelativeFilePath>README.txt</ProjectRelativeFilePath>
      <IsIgnored>false</IsIgnored>
    </FileLog>
    <FileLog>
      <ProjectId>c2837e1c-f633-40d3-aa35-1f0fa593733a</ProjectId>
      <CorrelationId>Intent.ModuleBuilder.TypeScript.Templates.TypescriptTemplateStringInterpolation#08ca7a42-c1cf-4894-b6ac-b98a7601cc4c</CorrelationId>
      <OverwriteBehaviour>always</OverwriteBehaviour>
      <ApplicationRelativeFilePath>Templates/DocumentClientProvider/DocumentClientProviderTemplate.cs</ApplicationRelativeFilePath>
      <ProjectRelativeFilePath>DocumentClientProvider/DocumentClientProviderTemplate.cs</ProjectRelativeFilePath>
      <IsIgnored>false</IsIgnored>
    </FileLog>
    <FileLog>
      <ProjectId>c2837e1c-f633-40d3-aa35-1f0fa593733a</ProjectId>
      <CorrelationId>Intent.ModuleBuilder.TypeScript.Templates.TypescriptTemplatePartial#08ca7a42-c1cf-4894-b6ac-b98a7601cc4c</CorrelationId>
      <OverwriteBehaviour>always</OverwriteBehaviour>
      <ApplicationRelativeFilePath>Templates/DocumentClientProvider/DocumentClientProviderTemplatePartial.cs</ApplicationRelativeFilePath>
      <ProjectRelativeFilePath>DocumentClientProvider/DocumentClientProviderTemplatePartial.cs</ProjectRelativeFilePath>
      <IsIgnored>false</IsIgnored>
    </FileLog>
    <FileLog>
      <ProjectId>c2837e1c-f633-40d3-aa35-1f0fa593733a</ProjectId>
      <CorrelationId>Intent.ModuleBuilder.TemplateRegistration.SingleFileNoModel#08ca7a42-c1cf-4894-b6ac-b98a7601cc4c</CorrelationId>
      <OverwriteBehaviour>always</OverwriteBehaviour>
      <ApplicationRelativeFilePath>Templates/DocumentClientProvider/DocumentClientProviderTemplateRegistration.cs</ApplicationRelativeFilePath>
      <ProjectRelativeFilePath>DocumentClientProvider/DocumentClientProviderTemplateRegistration.cs</ProjectRelativeFilePath>
      <IsIgnored>false</IsIgnored>
    </FileLog>
    <FileLog>
      <ProjectId>c2837e1c-f633-40d3-aa35-1f0fa593733a</ProjectId>
      <CorrelationId>Intent.ModuleBuilder.TypeScript.Templates.TypescriptTemplateStringInterpolation#801140fc-ea22-4d70-b7bd-70107bbcd91d</CorrelationId>
      <OverwriteBehaviour>always</OverwriteBehaviour>
      <ApplicationRelativeFilePath>Templates/Entity/EntityTemplate.cs</ApplicationRelativeFilePath>
      <ProjectRelativeFilePath>Entity/EntityTemplate.cs</ProjectRelativeFilePath>
      <IsIgnored>false</IsIgnored>
    </FileLog>
    <FileLog>
      <ProjectId>c2837e1c-f633-40d3-aa35-1f0fa593733a</ProjectId>
      <CorrelationId>Intent.ModuleBuilder.TypeScript.Templates.TypescriptTemplatePartial#801140fc-ea22-4d70-b7bd-70107bbcd91d</CorrelationId>
      <OverwriteBehaviour>always</OverwriteBehaviour>
      <ApplicationRelativeFilePath>Templates/Entity/EntityTemplatePartial.cs</ApplicationRelativeFilePath>
      <ProjectRelativeFilePath>Entity/EntityTemplatePartial.cs</ProjectRelativeFilePath>
      <IsIgnored>false</IsIgnored>
    </FileLog>
    <FileLog>
      <ProjectId>c2837e1c-f633-40d3-aa35-1f0fa593733a</ProjectId>
      <CorrelationId>Intent.ModuleBuilder.TemplateRegistration.FilePerModel#801140fc-ea22-4d70-b7bd-70107bbcd91d</CorrelationId>
      <OverwriteBehaviour>always</OverwriteBehaviour>
      <ApplicationRelativeFilePath>Templates/Entity/EntityTemplateRegistration.cs</ApplicationRelativeFilePath>
      <ProjectRelativeFilePath>Entity/EntityTemplateRegistration.cs</ProjectRelativeFilePath>
      <IsIgnored>false</IsIgnored>
    </FileLog>
    <FileLog>
      <ProjectId>c2837e1c-f633-40d3-aa35-1f0fa593733a</ProjectId>
      <CorrelationId>Intent.ModuleBuilder.TypeScript.Templates.TypescriptTemplateStringInterpolation#c2d36e42-3852-4922-ab2d-ff787a358fac</CorrelationId>
      <OverwriteBehaviour>always</OverwriteBehaviour>
      <ApplicationRelativeFilePath>Templates/EntityRepositories/EntityRepositoriesTemplate.cs</ApplicationRelativeFilePath>
      <ProjectRelativeFilePath>EntityRepositories/EntityRepositoriesTemplate.cs</ProjectRelativeFilePath>
      <IsIgnored>false</IsIgnored>
    </FileLog>
    <FileLog>
      <ProjectId>c2837e1c-f633-40d3-aa35-1f0fa593733a</ProjectId>
      <CorrelationId>Intent.ModuleBuilder.TypeScript.Templates.TypescriptTemplatePartial#c2d36e42-3852-4922-ab2d-ff787a358fac</CorrelationId>
      <OverwriteBehaviour>always</OverwriteBehaviour>
      <ApplicationRelativeFilePath>Templates/EntityRepositories/EntityRepositoriesTemplatePartial.cs</ApplicationRelativeFilePath>
      <ProjectRelativeFilePath>EntityRepositories/EntityRepositoriesTemplatePartial.cs</ProjectRelativeFilePath>
      <IsIgnored>false</IsIgnored>
    </FileLog>
    <FileLog>
      <ProjectId>c2837e1c-f633-40d3-aa35-1f0fa593733a</ProjectId>
      <CorrelationId>Intent.ModuleBuilder.TemplateRegistration.FilePerModel#c2d36e42-3852-4922-ab2d-ff787a358fac</CorrelationId>
      <OverwriteBehaviour>always</OverwriteBehaviour>
      <ApplicationRelativeFilePath>Templates/EntityRepositories/EntityRepositoriesTemplateRegistration.cs</ApplicationRelativeFilePath>
      <ProjectRelativeFilePath>EntityRepositories/EntityRepositoriesTemplateRegistration.cs</ProjectRelativeFilePath>
      <IsIgnored>false</IsIgnored>
    </FileLog>
    <FileLog>
      <ProjectId>c2837e1c-f633-40d3-aa35-1f0fa593733a</ProjectId>
      <CorrelationId>Intent.ModuleBuilder.TypeScript.Templates.TypescriptTemplateStringInterpolation#5bf6be53-4d5d-4ee3-8583-20597dae534c</CorrelationId>
      <OverwriteBehaviour>always</OverwriteBehaviour>
      <ApplicationRelativeFilePath>Templates/EntityRepository/EntityRepositoryTemplate.cs</ApplicationRelativeFilePath>
      <ProjectRelativeFilePath>EntityRepository/EntityRepositoryTemplate.cs</ProjectRelativeFilePath>
      <IsIgnored>false</IsIgnored>
    </FileLog>
    <FileLog>
      <ProjectId>c2837e1c-f633-40d3-aa35-1f0fa593733a</ProjectId>
      <CorrelationId>Intent.ModuleBuilder.TypeScript.Templates.TypescriptTemplatePartial#5bf6be53-4d5d-4ee3-8583-20597dae534c</CorrelationId>
      <OverwriteBehaviour>always</OverwriteBehaviour>
      <ApplicationRelativeFilePath>Templates/EntityRepository/EntityRepositoryTemplatePartial.cs</ApplicationRelativeFilePath>
      <ProjectRelativeFilePath>EntityRepository/EntityRepositoryTemplatePartial.cs</ProjectRelativeFilePath>
      <IsIgnored>false</IsIgnored>
    </FileLog>
    <FileLog>
      <ProjectId>c2837e1c-f633-40d3-aa35-1f0fa593733a</ProjectId>
      <CorrelationId>Intent.ModuleBuilder.TemplateRegistration.FilePerModel#5bf6be53-4d5d-4ee3-8583-20597dae534c</CorrelationId>
      <OverwriteBehaviour>always</OverwriteBehaviour>
      <ApplicationRelativeFilePath>Templates/EntityRepository/EntityRepositoryTemplateRegistration.cs</ApplicationRelativeFilePath>
      <ProjectRelativeFilePath>EntityRepository/EntityRepositoryTemplateRegistration.cs</ProjectRelativeFilePath>
      <IsIgnored>false</IsIgnored>
    </FileLog>
    <FileLog>
      <ProjectId>c2837e1c-f633-40d3-aa35-1f0fa593733a</ProjectId>
      <CorrelationId>Intent.ModuleBuilder.TypeScript.Templates.TypescriptTemplateStringInterpolation#7e5067e5-fb13-4cf6-820c-a36a48585bc1</CorrelationId>
      <OverwriteBehaviour>always</OverwriteBehaviour>
      <ApplicationRelativeFilePath>Templates/EntityRepositoryBase/EntityRepositoryBaseTemplate.cs</ApplicationRelativeFilePath>
      <ProjectRelativeFilePath>EntityRepositoryBase/EntityRepositoryBaseTemplate.cs</ProjectRelativeFilePath>
      <IsIgnored>false</IsIgnored>
    </FileLog>
    <FileLog>
      <ProjectId>c2837e1c-f633-40d3-aa35-1f0fa593733a</ProjectId>
      <CorrelationId>Intent.ModuleBuilder.TypeScript.Templates.TypescriptTemplatePartial#7e5067e5-fb13-4cf6-820c-a36a48585bc1</CorrelationId>
      <OverwriteBehaviour>always</OverwriteBehaviour>
      <ApplicationRelativeFilePath>Templates/EntityRepositoryBase/EntityRepositoryBaseTemplatePartial.cs</ApplicationRelativeFilePath>
      <ProjectRelativeFilePath>EntityRepositoryBase/EntityRepositoryBaseTemplatePartial.cs</ProjectRelativeFilePath>
      <IsIgnored>false</IsIgnored>
    </FileLog>
    <FileLog>
      <ProjectId>c2837e1c-f633-40d3-aa35-1f0fa593733a</ProjectId>
      <CorrelationId>Intent.ModuleBuilder.TemplateRegistration.SingleFileNoModel#7e5067e5-fb13-4cf6-820c-a36a48585bc1</CorrelationId>
      <OverwriteBehaviour>always</OverwriteBehaviour>
      <ApplicationRelativeFilePath>Templates/EntityRepositoryBase/EntityRepositoryBaseTemplateRegistration.cs</ApplicationRelativeFilePath>
      <ProjectRelativeFilePath>EntityRepositoryBase/EntityRepositoryBaseTemplateRegistration.cs</ProjectRelativeFilePath>
      <IsIgnored>false</IsIgnored>
    </FileLog>
    <FileLog>
      <ProjectId>c2837e1c-f633-40d3-aa35-1f0fa593733a</ProjectId>
      <CorrelationId>Intent.ModuleBuilder.Templates.TemplateExtensions</CorrelationId>
      <OverwriteBehaviour>always</OverwriteBehaviour>
      <ApplicationRelativeFilePath>Templates/TemplateExtensions.cs</ApplicationRelativeFilePath>
      <ProjectRelativeFilePath>TemplateExtensions.cs</ProjectRelativeFilePath>
      <IsIgnored>false</IsIgnored>
    </FileLog>
  </FileLogs>
</outputLog>