<?xml version="1.0" encoding="utf-8"?>
<outputLog>
  <ApplicationId>7d02cd42-958e-4537-8d51-5f116778f494</ApplicationId>
  <FileLogs>
    <FileLog>
      <CorrelationId>Intent.VisualStudio.Projects.VisualStudioSolution#2419696a-cfc4-4326-85fd-66426628847c</CorrelationId>
      <OverwriteBehaviour>always</OverwriteBehaviour>
      <ApplicationRelativeFilePath>../Intent.Modules.NodeJS.sln</ApplicationRelativeFilePath>
      <IsIgnored>false</IsIgnored>
    </FileLog>
    <FileLog>
      <ProjectId>c7545e3e-5f18-437f-b240-e36baf191c4a</ProjectId>
      <CorrelationId>Intent.VisualStudio.Projects.CSharpProject#c7545e3e-5f18-437f-b240-e36baf191c4a</CorrelationId>
      <OverwriteBehaviour>always</OverwriteBehaviour>
      <ApplicationRelativeFilePath>Intent.Modules.NestJS.Winston.csproj</ApplicationRelativeFilePath>
      <ProjectRelativeFilePath>Intent.Modules.NestJS.Winston.csproj</ProjectRelativeFilePath>
      <IsIgnored>false</IsIgnored>
    </FileLog>
    <FileLog>
      <ProjectId>c7545e3e-5f18-437f-b240-e36baf191c4a</ProjectId>
      <CorrelationId>Intent.ModuleBuilder.IModSpecFile</CorrelationId>
      <OverwriteBehaviour>always</OverwriteBehaviour>
      <ApplicationRelativeFilePath>Intent.NestJS.Winston.imodspec</ApplicationRelativeFilePath>
      <ProjectRelativeFilePath>Intent.NestJS.Winston.imodspec</ProjectRelativeFilePath>
      <IsIgnored>false</IsIgnored>
    </FileLog>
    <FileLog>
      <ProjectId>71237c3c-9d64-4cd3-a7c3-8336af76b840</ProjectId>
      <CorrelationId>Intent.ModuleBuilder.Templates.TemplateExtensions</CorrelationId>
      <OverwriteBehaviour>always</OverwriteBehaviour>
      <ApplicationRelativeFilePath>Templates/TemplateExtensions.cs</ApplicationRelativeFilePath>
      <ProjectRelativeFilePath>TemplateExtensions.cs</ProjectRelativeFilePath>
      <IsIgnored>false</IsIgnored>
    </FileLog>
    <FileLog>
      <ProjectId>71237c3c-9d64-4cd3-a7c3-8336af76b840</ProjectId>
      <CorrelationId>ModuleBuilder.Typescript.Templates.TypescriptTemplate.PreProcessT4#e75e632e-59b8-44ac-921a-80c31204052a</CorrelationId>
      <OverwriteBehaviour>always</OverwriteBehaviour>
      <ApplicationRelativeFilePath>Templates/WinstonOptions/WinstonOptionsTemplate.cs</ApplicationRelativeFilePath>
      <ProjectRelativeFilePath>WinstonOptions/WinstonOptionsTemplate.cs</ProjectRelativeFilePath>
      <IsIgnored>false</IsIgnored>
    </FileLog>
    <FileLog>
      <ProjectId>71237c3c-9d64-4cd3-a7c3-8336af76b840</ProjectId>
      <CorrelationId>Intent.ModuleBuilder.TypeScript.Templates.TypescriptTemplateT4#e75e632e-59b8-44ac-921a-80c31204052a</CorrelationId>
      <OverwriteBehaviour>always</OverwriteBehaviour>
      <ApplicationRelativeFilePath>Templates/WinstonOptions/WinstonOptionsTemplate.tt</ApplicationRelativeFilePath>
      <ProjectRelativeFilePath>WinstonOptions/WinstonOptionsTemplate.tt</ProjectRelativeFilePath>
      <IsIgnored>false</IsIgnored>
    </FileLog>
    <FileLog>
      <ProjectId>71237c3c-9d64-4cd3-a7c3-8336af76b840</ProjectId>
      <CorrelationId>Intent.ModuleBuilder.TypeScript.Templates.TypescriptTemplatePartial#e75e632e-59b8-44ac-921a-80c31204052a</CorrelationId>
      <OverwriteBehaviour>always</OverwriteBehaviour>
      <ApplicationRelativeFilePath>Templates/WinstonOptions/WinstonOptionsTemplatePartial.cs</ApplicationRelativeFilePath>
      <ProjectRelativeFilePath>WinstonOptions/WinstonOptionsTemplatePartial.cs</ProjectRelativeFilePath>
      <IsIgnored>false</IsIgnored>
    </FileLog>
    <FileLog>
      <ProjectId>71237c3c-9d64-4cd3-a7c3-8336af76b840</ProjectId>
      <CorrelationId>Intent.ModuleBuilder.TemplateRegistration.SingleFileNoModel#e75e632e-59b8-44ac-921a-80c31204052a</CorrelationId>
      <OverwriteBehaviour>always</OverwriteBehaviour>
      <ApplicationRelativeFilePath>Templates/WinstonOptions/WinstonOptionsTemplateRegistration.cs</ApplicationRelativeFilePath>
      <ProjectRelativeFilePath>WinstonOptions/WinstonOptionsTemplateRegistration.cs</ProjectRelativeFilePath>
      <IsIgnored>false</IsIgnored>
    </FileLog>
  </FileLogs>
</outputLog>