<?xml version="1.0" encoding="utf-8"?>
<outputLog>
  <ApplicationId>76f6f81e-316a-4eba-aad9-62a71989685c</ApplicationId>
  <FileLogs>
    <FileLog>
      <CorrelationId>Intent.VisualStudio.Projects.VisualStudio2015Solution#1ec445c2-18cb-4a76-85aa-ccb26d2a1701</CorrelationId>
      <OverwriteBehaviour>always</OverwriteBehaviour>
      <ApplicationRelativeFilePath>../Intent.Modules.NodeJS.sln</ApplicationRelativeFilePath>
      <IsIgnored>false</IsIgnored>
    </FileLog>
    <FileLog>
      <ProjectId>982e6e6e-b214-475b-b7c6-c4a80c6ffd39</ProjectId>
      <CorrelationId>Intent.VisualStudio.Projects.CoreLibrary.CSProject#982e6e6e-b214-475b-b7c6-c4a80c6ffd39</CorrelationId>
      <OverwriteBehaviour>always</OverwriteBehaviour>
      <ApplicationRelativeFilePath>Intent.Modules.NodeJS.AWS.AppSync.csproj</ApplicationRelativeFilePath>
      <ProjectRelativeFilePath>Intent.Modules.NodeJS.AWS.AppSync.csproj</ProjectRelativeFilePath>
      <IsIgnored>false</IsIgnored>
    </FileLog>
    <FileLog>
      <ProjectId>982e6e6e-b214-475b-b7c6-c4a80c6ffd39</ProjectId>
      <CorrelationId>Intent.ModuleBuilder.IModSpecFile</CorrelationId>
      <OverwriteBehaviour>always</OverwriteBehaviour>
      <ApplicationRelativeFilePath>Intent.NodeJS.AWS.AppSync.imodspec</ApplicationRelativeFilePath>
      <ProjectRelativeFilePath>Intent.NodeJS.AWS.AppSync.imodspec</ProjectRelativeFilePath>
      <IsIgnored>false</IsIgnored>
    </FileLog>
    <FileLog>
      <ProjectId>982e6e6e-b214-475b-b7c6-c4a80c6ffd39</ProjectId>
      <CorrelationId>Intent.ModuleBuilder.ReadMe</CorrelationId>
      <OverwriteBehaviour>always</OverwriteBehaviour>
      <ApplicationRelativeFilePath>README.txt</ApplicationRelativeFilePath>
      <ProjectRelativeFilePath>README.txt</ProjectRelativeFilePath>
      <IsIgnored>false</IsIgnored>
    </FileLog>
    <FileLog>
      <ProjectId>aad7d437-97dc-4b9f-9e18-0b7be4d786dc</ProjectId>
      <CorrelationId>Intent.ModuleBuilder.Templates.FileTemplateStringInterpolation#737f95ea-3801-4baf-9815-9acaa9122fd4</CorrelationId>
      <OverwriteBehaviour>always</OverwriteBehaviour>
      <ApplicationRelativeFilePath>Templates/GraphQLSchema/GraphQLSchemaTemplate.cs</ApplicationRelativeFilePath>
      <ProjectRelativeFilePath>GraphQLSchema/GraphQLSchemaTemplate.cs</ProjectRelativeFilePath>
      <IsIgnored>false</IsIgnored>
    </FileLog>
    <FileLog>
      <ProjectId>aad7d437-97dc-4b9f-9e18-0b7be4d786dc</ProjectId>
      <CorrelationId>Intent.ModuleBuilder.ProjectItemTemplate.Partial#737f95ea-3801-4baf-9815-9acaa9122fd4</CorrelationId>
      <OverwriteBehaviour>always</OverwriteBehaviour>
      <ApplicationRelativeFilePath>Templates/GraphQLSchema/GraphQLSchemaTemplatePartial.cs</ApplicationRelativeFilePath>
      <ProjectRelativeFilePath>GraphQLSchema/GraphQLSchemaTemplatePartial.cs</ProjectRelativeFilePath>
      <IsIgnored>false</IsIgnored>
    </FileLog>
    <FileLog>
      <ProjectId>aad7d437-97dc-4b9f-9e18-0b7be4d786dc</ProjectId>
      <CorrelationId>Intent.ModuleBuilder.TemplateRegistration.FilePerModel#737f95ea-3801-4baf-9815-9acaa9122fd4</CorrelationId>
      <OverwriteBehaviour>always</OverwriteBehaviour>
      <ApplicationRelativeFilePath>Templates/GraphQLSchema/GraphQLSchemaTemplateRegistration.cs</ApplicationRelativeFilePath>
      <ProjectRelativeFilePath>GraphQLSchema/GraphQLSchemaTemplateRegistration.cs</ProjectRelativeFilePath>
      <IsIgnored>false</IsIgnored>
    </FileLog>
  </FileLogs>
</outputLog>