<?xml version="1.0" encoding="utf-8"?>
<outputLog>
  <ApplicationId>bba23718-f829-4812-b9f9-d3e5df76e6ad</ApplicationId>
  <FileLogs>
    <FileLog>
      <CorrelationId>Intent.VisualStudio.Projects.VisualStudio2015Solution#94bb12b8-8da0-446d-87b6-76464fbeab2b</CorrelationId>
      <OverwriteBehaviour>always</OverwriteBehaviour>
      <ApplicationRelativeFilePath>../Intent.Modules.NodeJS.sln</ApplicationRelativeFilePath>
      <IsIgnored>false</IsIgnored>
    </FileLog>
    <FileLog>
      <ProjectId>2a3a9a98-b0d1-4c6a-a5e3-5adf071fbb73</ProjectId>
      <CorrelationId>Intent.VisualStudio.Projects.CoreLibrary.CSProject#2a3a9a98-b0d1-4c6a-a5e3-5adf071fbb73</CorrelationId>
      <OverwriteBehaviour>always</OverwriteBehaviour>
      <ApplicationRelativeFilePath>Intent.Modules.NodeJS.AWS.DynamoDB.csproj</ApplicationRelativeFilePath>
      <ProjectRelativeFilePath>Intent.Modules.NodeJS.AWS.DynamoDB.csproj</ProjectRelativeFilePath>
      <IsIgnored>false</IsIgnored>
    </FileLog>
    <FileLog>
      <ProjectId>2a3a9a98-b0d1-4c6a-a5e3-5adf071fbb73</ProjectId>
      <CorrelationId>Intent.ModuleBuilder.IModSpecFile</CorrelationId>
      <OverwriteBehaviour>always</OverwriteBehaviour>
      <ApplicationRelativeFilePath>Intent.NodeJS.AWS.DynamoDB.imodspec</ApplicationRelativeFilePath>
      <ProjectRelativeFilePath>Intent.NodeJS.AWS.DynamoDB.imodspec</ProjectRelativeFilePath>
      <IsIgnored>false</IsIgnored>
    </FileLog>
    <FileLog>
      <ProjectId>2a3a9a98-b0d1-4c6a-a5e3-5adf071fbb73</ProjectId>
      <CorrelationId>Intent.ModuleBuilder.ReadMe</CorrelationId>
      <OverwriteBehaviour>always</OverwriteBehaviour>
      <ApplicationRelativeFilePath>README.txt</ApplicationRelativeFilePath>
      <ProjectRelativeFilePath>README.txt</ProjectRelativeFilePath>
      <IsIgnored>false</IsIgnored>
    </FileLog>
    <FileLog>
      <ProjectId>c2837e1c-f633-40d3-aa35-1f0fa593733a</ProjectId>
      <CorrelationId>Intent.ModuleBuilder.TypeScript.Templates.TypescriptTemplateStringInterpolation#08ca7a42-c1cf-4894-b6ac-b98a7601cc4c</CorrelationId>
      <OverwriteBehaviour>always</OverwriteBehaviour>
      <ApplicationRelativeFilePath>Templates/DocumentClientProvider/DocumentClientProviderTemplate.cs</ApplicationRelativeFilePath>
      <ProjectRelativeFilePath>DocumentClientProvider/DocumentClientProviderTemplate.cs</ProjectRelativeFilePath>
      <IsIgnored>false</IsIgnored>
    </FileLog>
    <FileLog>
      <ProjectId>c2837e1c-f633-40d3-aa35-1f0fa593733a</ProjectId>
      <CorrelationId>Intent.ModuleBuilder.TypeScript.Templates.TypescriptTemplatePartial#08ca7a42-c1cf-4894-b6ac-b98a7601cc4c</CorrelationId>
      <OverwriteBehaviour>always</OverwriteBehaviour>
      <ApplicationRelativeFilePath>Templates/DocumentClientProvider/DocumentClientProviderTemplatePartial.cs</ApplicationRelativeFilePath>
      <ProjectRelativeFilePath>DocumentClientProvider/DocumentClientProviderTemplatePartial.cs</ProjectRelativeFilePath>
      <IsIgnored>false</IsIgnored>
    </FileLog>
    <FileLog>
      <ProjectId>c2837e1c-f633-40d3-aa35-1f0fa593733a</ProjectId>
      <CorrelationId>Intent.ModuleBuilder.TemplateRegistration.SingleFileNoModel#08ca7a42-c1cf-4894-b6ac-b98a7601cc4c</CorrelationId>
      <OverwriteBehaviour>always</OverwriteBehaviour>
      <ApplicationRelativeFilePath>Templates/DocumentClientProvider/DocumentClientProviderTemplateRegistration.cs</ApplicationRelativeFilePath>
      <ProjectRelativeFilePath>DocumentClientProvider/DocumentClientProviderTemplateRegistration.cs</ProjectRelativeFilePath>
      <IsIgnored>false</IsIgnored>
    </FileLog>
    <FileLog>
      <ProjectId>c2837e1c-f633-40d3-aa35-1f0fa593733a</ProjectId>
      <CorrelationId>Intent.ModuleBuilder.TypeScript.Templates.TypescriptTemplateStringInterpolation#801140fc-ea22-4d70-b7bd-70107bbcd91d</CorrelationId>
      <OverwriteBehaviour>always</OverwriteBehaviour>
      <ApplicationRelativeFilePath>Templates/TableItem/TableItemTemplate.cs</ApplicationRelativeFilePath>
      <ProjectRelativeFilePath>TableItem/TableItemTemplate.cs</ProjectRelativeFilePath>
      <IsIgnored>false</IsIgnored>
    </FileLog>
    <FileLog>
      <ProjectId>c2837e1c-f633-40d3-aa35-1f0fa593733a</ProjectId>
      <CorrelationId>Intent.ModuleBuilder.TypeScript.Templates.TypescriptTemplatePartial#801140fc-ea22-4d70-b7bd-70107bbcd91d</CorrelationId>
      <OverwriteBehaviour>always</OverwriteBehaviour>
      <ApplicationRelativeFilePath>Templates/TableItem/TableItemTemplatePartial.cs</ApplicationRelativeFilePath>
      <ProjectRelativeFilePath>TableItem/TableItemTemplatePartial.cs</ProjectRelativeFilePath>
      <IsIgnored>false</IsIgnored>
    </FileLog>
    <FileLog>
      <ProjectId>c2837e1c-f633-40d3-aa35-1f0fa593733a</ProjectId>
      <CorrelationId>Intent.ModuleBuilder.TemplateRegistration.FilePerModel#801140fc-ea22-4d70-b7bd-70107bbcd91d</CorrelationId>
      <OverwriteBehaviour>always</OverwriteBehaviour>
      <ApplicationRelativeFilePath>Templates/TableItem/TableItemTemplateRegistration.cs</ApplicationRelativeFilePath>
      <ProjectRelativeFilePath>TableItem/TableItemTemplateRegistration.cs</ProjectRelativeFilePath>
      <IsIgnored>false</IsIgnored>
    </FileLog>
    <FileLog>
      <ProjectId>c2837e1c-f633-40d3-aa35-1f0fa593733a</ProjectId>
      <CorrelationId>Intent.ModuleBuilder.TypeScript.Templates.TypescriptTemplateStringInterpolation#b5a9c8c2-426d-4ceb-9ee4-40d5a9fd58c2</CorrelationId>
      <OverwriteBehaviour>always</OverwriteBehaviour>
      <ApplicationRelativeFilePath>Templates/TableItemMapAttribute/TableItemMapAttributeTemplate.cs</ApplicationRelativeFilePath>
      <ProjectRelativeFilePath>TableItemMapAttribute/TableItemMapAttributeTemplate.cs</ProjectRelativeFilePath>
      <IsIgnored>false</IsIgnored>
    </FileLog>
    <FileLog>
      <ProjectId>c2837e1c-f633-40d3-aa35-1f0fa593733a</ProjectId>
      <CorrelationId>Intent.ModuleBuilder.TypeScript.Templates.TypescriptTemplatePartial#b5a9c8c2-426d-4ceb-9ee4-40d5a9fd58c2</CorrelationId>
      <OverwriteBehaviour>always</OverwriteBehaviour>
      <ApplicationRelativeFilePath>Templates/TableItemMapAttribute/TableItemMapAttributeTemplatePartial.cs</ApplicationRelativeFilePath>
      <ProjectRelativeFilePath>TableItemMapAttribute/TableItemMapAttributeTemplatePartial.cs</ProjectRelativeFilePath>
      <IsIgnored>false</IsIgnored>
    </FileLog>
    <FileLog>
      <ProjectId>c2837e1c-f633-40d3-aa35-1f0fa593733a</ProjectId>
      <CorrelationId>Intent.ModuleBuilder.TemplateRegistration.FilePerModel#b5a9c8c2-426d-4ceb-9ee4-40d5a9fd58c2</CorrelationId>
      <OverwriteBehaviour>always</OverwriteBehaviour>
      <ApplicationRelativeFilePath>Templates/TableItemMapAttribute/TableItemMapAttributeTemplateRegistration.cs</ApplicationRelativeFilePath>
      <ProjectRelativeFilePath>TableItemMapAttribute/TableItemMapAttributeTemplateRegistration.cs</ProjectRelativeFilePath>
      <IsIgnored>false</IsIgnored>
    </FileLog>
    <FileLog>
      <ProjectId>c2837e1c-f633-40d3-aa35-1f0fa593733a</ProjectId>
      <CorrelationId>Intent.ModuleBuilder.TypeScript.Templates.TypescriptTemplateStringInterpolation#c2d36e42-3852-4922-ab2d-ff787a358fac</CorrelationId>
      <OverwriteBehaviour>always</OverwriteBehaviour>
      <ApplicationRelativeFilePath>Templates/TableItemRepositories/TableItemRepositoriesTemplate.cs</ApplicationRelativeFilePath>
      <ProjectRelativeFilePath>TableItemRepositories/TableItemRepositoriesTemplate.cs</ProjectRelativeFilePath>
      <IsIgnored>false</IsIgnored>
    </FileLog>
    <FileLog>
      <ProjectId>c2837e1c-f633-40d3-aa35-1f0fa593733a</ProjectId>
      <CorrelationId>Intent.ModuleBuilder.TypeScript.Templates.TypescriptTemplatePartial#c2d36e42-3852-4922-ab2d-ff787a358fac</CorrelationId>
      <OverwriteBehaviour>always</OverwriteBehaviour>
      <ApplicationRelativeFilePath>Templates/TableItemRepositories/TableItemRepositoriesTemplatePartial.cs</ApplicationRelativeFilePath>
      <ProjectRelativeFilePath>TableItemRepositories/TableItemRepositoriesTemplatePartial.cs</ProjectRelativeFilePath>
      <IsIgnored>false</IsIgnored>
    </FileLog>
    <FileLog>
      <ProjectId>c2837e1c-f633-40d3-aa35-1f0fa593733a</ProjectId>
      <CorrelationId>Intent.ModuleBuilder.TemplateRegistration.FilePerModel#c2d36e42-3852-4922-ab2d-ff787a358fac</CorrelationId>
      <OverwriteBehaviour>always</OverwriteBehaviour>
      <ApplicationRelativeFilePath>Templates/TableItemRepositories/TableItemRepositoriesTemplateRegistration.cs</ApplicationRelativeFilePath>
      <ProjectRelativeFilePath>TableItemRepositories/TableItemRepositoriesTemplateRegistration.cs</ProjectRelativeFilePath>
      <IsIgnored>false</IsIgnored>
    </FileLog>
    <FileLog>
      <ProjectId>c2837e1c-f633-40d3-aa35-1f0fa593733a</ProjectId>
      <CorrelationId>Intent.ModuleBuilder.TypeScript.Templates.TypescriptTemplateStringInterpolation#5bf6be53-4d5d-4ee3-8583-20597dae534c</CorrelationId>
      <OverwriteBehaviour>always</OverwriteBehaviour>
      <ApplicationRelativeFilePath>Templates/TableItemRepository/TableItemRepositoryTemplate.cs</ApplicationRelativeFilePath>
      <ProjectRelativeFilePath>TableItemRepository/TableItemRepositoryTemplate.cs</ProjectRelativeFilePath>
      <IsIgnored>false</IsIgnored>
    </FileLog>
    <FileLog>
      <ProjectId>c2837e1c-f633-40d3-aa35-1f0fa593733a</ProjectId>
      <CorrelationId>Intent.ModuleBuilder.TypeScript.Templates.TypescriptTemplatePartial#5bf6be53-4d5d-4ee3-8583-20597dae534c</CorrelationId>
      <OverwriteBehaviour>always</OverwriteBehaviour>
      <ApplicationRelativeFilePath>Templates/TableItemRepository/TableItemRepositoryTemplatePartial.cs</ApplicationRelativeFilePath>
      <ProjectRelativeFilePath>TableItemRepository/TableItemRepositoryTemplatePartial.cs</ProjectRelativeFilePath>
      <IsIgnored>false</IsIgnored>
    </FileLog>
    <FileLog>
      <ProjectId>c2837e1c-f633-40d3-aa35-1f0fa593733a</ProjectId>
      <CorrelationId>Intent.ModuleBuilder.TemplateRegistration.FilePerModel#5bf6be53-4d5d-4ee3-8583-20597dae534c</CorrelationId>
      <OverwriteBehaviour>always</OverwriteBehaviour>
      <ApplicationRelativeFilePath>Templates/TableItemRepository/TableItemRepositoryTemplateRegistration.cs</ApplicationRelativeFilePath>
      <ProjectRelativeFilePath>TableItemRepository/TableItemRepositoryTemplateRegistration.cs</ProjectRelativeFilePath>
      <IsIgnored>false</IsIgnored>
    </FileLog>
    <FileLog>
      <ProjectId>c2837e1c-f633-40d3-aa35-1f0fa593733a</ProjectId>
      <CorrelationId>Intent.ModuleBuilder.TypeScript.Templates.TypescriptTemplateStringInterpolation#7e5067e5-fb13-4cf6-820c-a36a48585bc1</CorrelationId>
      <OverwriteBehaviour>always</OverwriteBehaviour>
      <ApplicationRelativeFilePath>Templates/TableItemRepositoryBase/TableItemRepositoryBaseTemplate.cs</ApplicationRelativeFilePath>
      <ProjectRelativeFilePath>TableItemRepositoryBase/TableItemRepositoryBaseTemplate.cs</ProjectRelativeFilePath>
      <IsIgnored>false</IsIgnored>
    </FileLog>
    <FileLog>
      <ProjectId>c2837e1c-f633-40d3-aa35-1f0fa593733a</ProjectId>
      <CorrelationId>Intent.ModuleBuilder.TypeScript.Templates.TypescriptTemplatePartial#7e5067e5-fb13-4cf6-820c-a36a48585bc1</CorrelationId>
      <OverwriteBehaviour>always</OverwriteBehaviour>
      <ApplicationRelativeFilePath>Templates/TableItemRepositoryBase/TableItemRepositoryBaseTemplatePartial.cs</ApplicationRelativeFilePath>
      <ProjectRelativeFilePath>TableItemRepositoryBase/TableItemRepositoryBaseTemplatePartial.cs</ProjectRelativeFilePath>
      <IsIgnored>false</IsIgnored>
    </FileLog>
    <FileLog>
      <ProjectId>c2837e1c-f633-40d3-aa35-1f0fa593733a</ProjectId>
      <CorrelationId>Intent.ModuleBuilder.TemplateRegistration.SingleFileNoModel#7e5067e5-fb13-4cf6-820c-a36a48585bc1</CorrelationId>
      <OverwriteBehaviour>always</OverwriteBehaviour>
      <ApplicationRelativeFilePath>Templates/TableItemRepositoryBase/TableItemRepositoryBaseTemplateRegistration.cs</ApplicationRelativeFilePath>
      <ProjectRelativeFilePath>TableItemRepositoryBase/TableItemRepositoryBaseTemplateRegistration.cs</ProjectRelativeFilePath>
      <IsIgnored>false</IsIgnored>
    </FileLog>
    <FileLog>
      <ProjectId>c2837e1c-f633-40d3-aa35-1f0fa593733a</ProjectId>
      <CorrelationId>Intent.ModuleBuilder.Templates.TemplateExtensions</CorrelationId>
      <OverwriteBehaviour>always</OverwriteBehaviour>
      <ApplicationRelativeFilePath>Templates/TemplateExtensions.cs</ApplicationRelativeFilePath>
      <ProjectRelativeFilePath>TemplateExtensions.cs</ProjectRelativeFilePath>
      <IsIgnored>false</IsIgnored>
    </FileLog>
  </FileLogs>
</outputLog>