<?xml version="1.0" encoding="utf-8"?>
<outputLog>
  <ApplicationId>8f523d62-b84f-4618-9465-18cf0336dba7</ApplicationId>
  <FileLogs>
    <FileLog>
      <CorrelationId>Intent.VisualStudio.Projects.VisualStudioSolution#735acb15-e447-4859-ad7b-835ae4178a48</CorrelationId>
      <OverwriteBehaviour>always</OverwriteBehaviour>
      <ApplicationRelativeFilePath>../Intent.Modules.NodeJS.sln</ApplicationRelativeFilePath>
      <IsIgnored>false</IsIgnored>
    </FileLog>
    <FileLog>
      <ProjectId>c8b939e8-0eb9-4614-8071-757ea2fa3ddb</ProjectId>
      <CorrelationId>Intent.ModuleBuilder.Templates.TemplateDecorator#15e457e1-3a4a-4384-a218-aa8247247006</CorrelationId>
      <OverwriteBehaviour>always</OverwriteBehaviour>
      <ApplicationRelativeFilePath>Decorators/ServiceCrudImplementationDecorator.cs</ApplicationRelativeFilePath>
      <ProjectRelativeFilePath>ServiceCrudImplementationDecorator.cs</ProjectRelativeFilePath>
      <IsIgnored>false</IsIgnored>
    </FileLog>
    <FileLog>
      <ProjectId>c8b939e8-0eb9-4614-8071-757ea2fa3ddb</ProjectId>
      <CorrelationId>Intent.ModuleBuilder.Templates.TemplateDecoratorRegistration#15e457e1-3a4a-4384-a218-aa8247247006</CorrelationId>
      <OverwriteBehaviour>always</OverwriteBehaviour>
      <ApplicationRelativeFilePath>Decorators/ServiceCrudImplementationDecoratorRegistration.cs</ApplicationRelativeFilePath>
      <ProjectRelativeFilePath>ServiceCrudImplementationDecoratorRegistration.cs</ProjectRelativeFilePath>
      <IsIgnored>false</IsIgnored>
    </FileLog>
    <FileLog>
      <ProjectId>e68440b8-d33a-45d5-be5a-5d0ec43621dd</ProjectId>
      <CorrelationId>Intent.VisualStudio.Projects.CoreLibrary.CSProject#e68440b8-d33a-45d5-be5a-5d0ec43621dd</CorrelationId>
      <OverwriteBehaviour>always</OverwriteBehaviour>
      <ApplicationRelativeFilePath>Intent.Modules.NodeJS.Services.CRUD.csproj</ApplicationRelativeFilePath>
      <ProjectRelativeFilePath>Intent.Modules.NodeJS.Services.CRUD.csproj</ProjectRelativeFilePath>
      <IsIgnored>false</IsIgnored>
    </FileLog>
    <FileLog>
      <ProjectId>e68440b8-d33a-45d5-be5a-5d0ec43621dd</ProjectId>
      <CorrelationId>Intent.ModuleBuilder.IModSpecFile</CorrelationId>
      <OverwriteBehaviour>always</OverwriteBehaviour>
      <ApplicationRelativeFilePath>Intent.NodeJS.Services.CRUD.imodspec</ApplicationRelativeFilePath>
      <ProjectRelativeFilePath>Intent.NodeJS.Services.CRUD.imodspec</ProjectRelativeFilePath>
      <IsIgnored>false</IsIgnored>
    </FileLog>
  </FileLogs>
</outputLog>