<?xml version="1.0" encoding="utf-8"?>
<outputLog>
  <ApplicationId>7f96c1f3-13ba-4fb0-83bd-d383cb54fd85</ApplicationId>
  <FileLogs>
    <FileLog>
      <ProjectId>9ecab0d4-7276-4fa5-800a-f3ad49983b39</ProjectId>
      <CorrelationId>Intent.ModuleBuilder.Templates.TemplateDecorator#dc17a069-72ae-4843-9ad5-19859e195e30</CorrelationId>
      <OverwriteBehaviour>always</OverwriteBehaviour>
      <ApplicationRelativeFilePath>Decorators/PackageJsonFileNestJsDecorator.cs</ApplicationRelativeFilePath>
      <ProjectRelativeFilePath>PackageJsonFileNestJsDecorator.cs</ProjectRelativeFilePath>
      <IsIgnored>false</IsIgnored>
    </FileLog>
    <FileLog>
      <ProjectId>9ecab0d4-7276-4fa5-800a-f3ad49983b39</ProjectId>
      <CorrelationId>Intent.ModuleBuilder.Templates.TemplateDecoratorRegistration#dc17a069-72ae-4843-9ad5-19859e195e30</CorrelationId>
      <OverwriteBehaviour>always</OverwriteBehaviour>
      <ApplicationRelativeFilePath>Decorators/PackageJsonFileNestJsDecoratorRegistration.cs</ApplicationRelativeFilePath>
      <ProjectRelativeFilePath>PackageJsonFileNestJsDecoratorRegistration.cs</ProjectRelativeFilePath>
      <IsIgnored>false</IsIgnored>
    </FileLog>
    <FileLog>
      <ProjectId>96615273-0852-4d59-acfb-67f62095564b</ProjectId>
      <CorrelationId>Intent.VisualStudio.Projects.CoreLibrary.CSProject#96615273-0852-4d59-acfb-67f62095564b</CorrelationId>
      <OverwriteBehaviour>once-off</OverwriteBehaviour>
      <ApplicationRelativeFilePath>Intent.Modules.NestJS.Core.csproj</ApplicationRelativeFilePath>
      <ProjectRelativeFilePath>Intent.Modules.NestJS.Core.csproj</ProjectRelativeFilePath>
      <IsIgnored>false</IsIgnored>
    </FileLog>
    <FileLog>
      <ProjectId>96615273-0852-4d59-acfb-67f62095564b</ProjectId>
      <CorrelationId>Intent.ModuleBuilder.IModSpecFile</CorrelationId>
      <OverwriteBehaviour>always</OverwriteBehaviour>
      <ApplicationRelativeFilePath>Intent.NodeJS.NestJS.Core.imodspec</ApplicationRelativeFilePath>
      <ProjectRelativeFilePath>Intent.NodeJS.NestJS.Core.imodspec</ProjectRelativeFilePath>
      <IsIgnored>false</IsIgnored>
    </FileLog>
    <FileLog>
      <ProjectId>b0d2955c-78d9-48d7-8e68-199ef7673464</ProjectId>
      <CorrelationId>ModuleBuilder.Typescript.Templates.TypescriptTemplate.PreProcessT4#3617addd-e98a-4f2b-a9f2-c8cdce720f14</CorrelationId>
      <OverwriteBehaviour>always</OverwriteBehaviour>
      <ApplicationRelativeFilePath>Templates/AppModule/AppModuleTemplate.cs</ApplicationRelativeFilePath>
      <ProjectRelativeFilePath>AppModule/AppModuleTemplate.cs</ProjectRelativeFilePath>
      <IsIgnored>false</IsIgnored>
    </FileLog>
    <FileLog>
      <ProjectId>b0d2955c-78d9-48d7-8e68-199ef7673464</ProjectId>
      <CorrelationId>Intent.ModuleBuilder.TypeScript.Templates.TypescriptTemplate#3617addd-e98a-4f2b-a9f2-c8cdce720f14</CorrelationId>
      <OverwriteBehaviour>always</OverwriteBehaviour>
      <ApplicationRelativeFilePath>Templates/AppModule/AppModuleTemplate.tt</ApplicationRelativeFilePath>
      <ProjectRelativeFilePath>AppModule/AppModuleTemplate.tt</ProjectRelativeFilePath>
      <IsIgnored>false</IsIgnored>
    </FileLog>
    <FileLog>
      <ProjectId>b0d2955c-78d9-48d7-8e68-199ef7673464</ProjectId>
      <CorrelationId>Intent.ModuleBuilder.TypeScript.Templates.TypescriptTemplatePartial#3617addd-e98a-4f2b-a9f2-c8cdce720f14</CorrelationId>
      <OverwriteBehaviour>always</OverwriteBehaviour>
      <ApplicationRelativeFilePath>Templates/AppModule/AppModuleTemplatePartial.cs</ApplicationRelativeFilePath>
      <ProjectRelativeFilePath>AppModule/AppModuleTemplatePartial.cs</ProjectRelativeFilePath>
      <IsIgnored>false</IsIgnored>
    </FileLog>
    <FileLog>
      <ProjectId>b0d2955c-78d9-48d7-8e68-199ef7673464</ProjectId>
      <CorrelationId>Intent.ModuleBuilder.TemplateRegistration.SingleFileNoModel#3617addd-e98a-4f2b-a9f2-c8cdce720f14</CorrelationId>
      <OverwriteBehaviour>always</OverwriteBehaviour>
      <ApplicationRelativeFilePath>Templates/AppModule/AppModuleTemplateRegistration.cs</ApplicationRelativeFilePath>
      <ProjectRelativeFilePath>AppModule/AppModuleTemplateRegistration.cs</ProjectRelativeFilePath>
      <IsIgnored>false</IsIgnored>
    </FileLog>
    <FileLog>
      <ProjectId>b0d2955c-78d9-48d7-8e68-199ef7673464</ProjectId>
      <CorrelationId>Intent.ModuleBuilder.ProjectItemTemplate.T4Template.PreProcessed#46191968-9f0c-4eb9-8c43-57ace93f9d2a</CorrelationId>
      <OverwriteBehaviour>always</OverwriteBehaviour>
      <ApplicationRelativeFilePath>Templates/Dotenv/DotenvTemplate.cs</ApplicationRelativeFilePath>
      <ProjectRelativeFilePath>Dotenv/DotenvTemplate.cs</ProjectRelativeFilePath>
      <IsIgnored>false</IsIgnored>
    </FileLog>
    <FileLog>
      <ProjectId>b0d2955c-78d9-48d7-8e68-199ef7673464</ProjectId>
      <CorrelationId>Intent.ModuleBuilder.ProjectItemTemplate.T4Template#46191968-9f0c-4eb9-8c43-57ace93f9d2a</CorrelationId>
      <OverwriteBehaviour>always</OverwriteBehaviour>
      <ApplicationRelativeFilePath>Templates/Dotenv/DotenvTemplate.tt</ApplicationRelativeFilePath>
      <ProjectRelativeFilePath>Dotenv/DotenvTemplate.tt</ProjectRelativeFilePath>
      <IsIgnored>false</IsIgnored>
    </FileLog>
    <FileLog>
      <ProjectId>b0d2955c-78d9-48d7-8e68-199ef7673464</ProjectId>
      <CorrelationId>Intent.ModuleBuilder.ProjectItemTemplate.Partial#46191968-9f0c-4eb9-8c43-57ace93f9d2a</CorrelationId>
      <OverwriteBehaviour>always</OverwriteBehaviour>
      <ApplicationRelativeFilePath>Templates/Dotenv/DotenvTemplatePartial.cs</ApplicationRelativeFilePath>
      <ProjectRelativeFilePath>Dotenv/DotenvTemplatePartial.cs</ProjectRelativeFilePath>
      <IsIgnored>false</IsIgnored>
    </FileLog>
    <FileLog>
      <ProjectId>b0d2955c-78d9-48d7-8e68-199ef7673464</ProjectId>
      <CorrelationId>Intent.ModuleBuilder.TemplateRegistration.SingleFileNoModel#46191968-9f0c-4eb9-8c43-57ace93f9d2a</CorrelationId>
      <OverwriteBehaviour>always</OverwriteBehaviour>
      <ApplicationRelativeFilePath>Templates/Dotenv/DotenvTemplateRegistration.cs</ApplicationRelativeFilePath>
      <ProjectRelativeFilePath>Dotenv/DotenvTemplateRegistration.cs</ProjectRelativeFilePath>
      <IsIgnored>false</IsIgnored>
    </FileLog>
    <FileLog>
      <ProjectId>b0d2955c-78d9-48d7-8e68-199ef7673464</ProjectId>
      <CorrelationId>ModuleBuilder.Typescript.Templates.TypescriptTemplate.PreProcessT4#b0a8435b-723e-428e-a8ef-1be63dee5c46</CorrelationId>
      <OverwriteBehaviour>always</OverwriteBehaviour>
      <ApplicationRelativeFilePath>Templates/Main/MainTemplate.cs</ApplicationRelativeFilePath>
      <ProjectRelativeFilePath>Main/MainTemplate.cs</ProjectRelativeFilePath>
      <IsIgnored>false</IsIgnored>
    </FileLog>
    <FileLog>
      <ProjectId>b0d2955c-78d9-48d7-8e68-199ef7673464</ProjectId>
      <CorrelationId>Intent.ModuleBuilder.TypeScript.Templates.TypescriptTemplate#b0a8435b-723e-428e-a8ef-1be63dee5c46</CorrelationId>
      <OverwriteBehaviour>always</OverwriteBehaviour>
      <ApplicationRelativeFilePath>Templates/Main/MainTemplate.tt</ApplicationRelativeFilePath>
      <ProjectRelativeFilePath>Main/MainTemplate.tt</ProjectRelativeFilePath>
      <IsIgnored>false</IsIgnored>
    </FileLog>
    <FileLog>
      <ProjectId>b0d2955c-78d9-48d7-8e68-199ef7673464</ProjectId>
      <CorrelationId>Intent.ModuleBuilder.TypeScript.Templates.TypescriptTemplatePartial#b0a8435b-723e-428e-a8ef-1be63dee5c46</CorrelationId>
      <OverwriteBehaviour>always</OverwriteBehaviour>
      <ApplicationRelativeFilePath>Templates/Main/MainTemplatePartial.cs</ApplicationRelativeFilePath>
      <ProjectRelativeFilePath>Main/MainTemplatePartial.cs</ProjectRelativeFilePath>
      <IsIgnored>false</IsIgnored>
    </FileLog>
    <FileLog>
      <ProjectId>b0d2955c-78d9-48d7-8e68-199ef7673464</ProjectId>
      <CorrelationId>Intent.ModuleBuilder.TemplateRegistration.SingleFileNoModel#b0a8435b-723e-428e-a8ef-1be63dee5c46</CorrelationId>
      <OverwriteBehaviour>always</OverwriteBehaviour>
      <ApplicationRelativeFilePath>Templates/Main/MainTemplateRegistration.cs</ApplicationRelativeFilePath>
      <ProjectRelativeFilePath>Main/MainTemplateRegistration.cs</ProjectRelativeFilePath>
      <IsIgnored>false</IsIgnored>
    </FileLog>
    <FileLog>
      <ProjectId>b0d2955c-78d9-48d7-8e68-199ef7673464</ProjectId>
      <CorrelationId>Intent.ModuleBuilder.Templates.TemplateExtensions</CorrelationId>
      <OverwriteBehaviour>always</OverwriteBehaviour>
      <ApplicationRelativeFilePath>Templates/TemplateExtensions.cs</ApplicationRelativeFilePath>
      <ProjectRelativeFilePath>TemplateExtensions.cs</ProjectRelativeFilePath>
      <IsIgnored>false</IsIgnored>
    </FileLog>
    <FileLog>
      <ProjectId>b0d2955c-78d9-48d7-8e68-199ef7673464</ProjectId>
      <CorrelationId>Intent.ModuleBuilder.ProjectItemTemplate.Partial#bb9942de-891f-4be5-818b-cf02935a551c</CorrelationId>
      <OverwriteBehaviour>always</OverwriteBehaviour>
      <ApplicationRelativeFilePath>Templates/ZipFileContent/ZipFileContentTemplatePartial.cs</ApplicationRelativeFilePath>
      <ProjectRelativeFilePath>ZipFileContent/ZipFileContentTemplatePartial.cs</ProjectRelativeFilePath>
      <IsIgnored>false</IsIgnored>
    </FileLog>
    <FileLog>
      <ProjectId>b0d2955c-78d9-48d7-8e68-199ef7673464</ProjectId>
      <CorrelationId>Intent.ModuleBuilder.TemplateRegistration.Custom#bb9942de-891f-4be5-818b-cf02935a551c</CorrelationId>
      <OverwriteBehaviour>always</OverwriteBehaviour>
      <ApplicationRelativeFilePath>Templates/ZipFileContent/ZipFileContentTemplateRegistration.cs</ApplicationRelativeFilePath>
      <ProjectRelativeFilePath>ZipFileContent/ZipFileContentTemplateRegistration.cs</ProjectRelativeFilePath>
      <IsIgnored>false</IsIgnored>
    </FileLog>
  </FileLogs>
</outputLog>